Log file open, 06/10/20 22:24:21
LogInit: Display: Running engine for game: VRPaint
LogPlatformFile: Not using cached read wrapper
LogTaskGraph: Started task graph with 5 named threads and 23 total threads with 3 sets of task threads.
LogStats: Stats thread started at 1.348393
LogD3D11RHI: Loaded GFSDK_Aftermath_Lib.x64.dll
LogICUInternationalization: ICU TimeZone Detection - Raw Offset: -7:00, Platform Override: ''
LogPluginManager: Mounting plugin Paper2D
LogPluginManager: Mounting plugin AISupport
LogPluginManager: Mounting plugin LightPropagationVolume
LogPluginManager: Mounting plugin CameraShakePreviewer
LogPluginManager: Mounting plugin ActorLayerUtilities
LogPluginManager: Mounting plugin AnimationSharing
LogPluginManager: Mounting plugin CLionSourceCodeAccess
LogPluginManager: Mounting plugin CodeLiteSourceCodeAccess
LogPluginManager: Mounting plugin GitSourceControl
LogPluginManager: Mounting plugin KDevelopSourceCodeAccess
LogPluginManager: Mounting plugin NullSourceCodeAccess
LogPluginManager: Mounting plugin PerforceSourceControl
LogPluginManager: Mounting plugin PlasticSourceControl
LogPluginManager: Mounting plugin RiderSourceCodeAccess
LogPluginManager: Mounting plugin SubversionSourceControl
LogPluginManager: Mounting plugin UObjectPlugin
LogPluginManager: Mounting plugin VisualStudioCodeSourceCodeAccess
LogPluginManager: Mounting plugin VisualStudioSourceCodeAccess
LogPluginManager: Mounting plugin XCodeSourceCodeAccess
LogPluginManager: Mounting plugin AssetManagerEditor
LogPluginManager: Mounting plugin CryptoKeys
LogPluginManager: Mounting plugin CurveEditorTools
LogPluginManager: Mounting plugin DataValidation
LogPluginManager: Mounting plugin EditorScriptingUtilities
LogPluginManager: Mounting plugin FacialAnimation
LogPluginManager: Mounting plugin GameplayTagsEditor
LogPluginManager: Mounting plugin GeometryMode
LogPluginManager: Mounting plugin MacGraphicsSwitching
LogPluginManager: Mounting plugin MaterialAnalyzer
LogPluginManager: Mounting plugin MobileLauncherProfileWizard
LogPluginManager: Mounting plugin PluginBrowser
LogPluginManager: Mounting plugin SpeedTreeImporter
LogPluginManager: Mounting plugin DatasmithContent
LogPluginManager: Mounting plugin VariantManagerContent
LogPluginManager: Mounting plugin AlembicImporter
LogPluginManager: Mounting plugin AutomationUtils
LogPluginManager: Mounting plugin BackChannel
LogPluginManager: Mounting plugin ChaosCloth
LogPluginManager: Mounting plugin ChaosClothEditor
LogPluginManager: Mounting plugin ChaosEditor
LogPluginManager: Mounting plugin ChaosNiagara
LogPluginManager: Mounting plugin ChaosSolverPlugin
LogPluginManager: Mounting plugin CharacterAI
LogPluginManager: Mounting plugin GeometryCache
LogPluginManager: Mounting plugin GeometryCollectionPlugin
LogPluginManager: Mounting plugin GeometryProcessing
LogPluginManager: Mounting plugin PlanarCut
LogPluginManager: Mounting plugin PlatformCrypto
LogPluginManager: Mounting plugin ProxyLODPlugin
LogPluginManager: Mounting plugin SkeletalReduction
LogPluginManager: Mounting plugin Niagara
LogPluginManager: Mounting plugin MagicLeap
LogPluginManager: Mounting plugin MagicLeapLightEstimation
LogPluginManager: Mounting plugin MagicLeapMedia
LogPluginManager: Mounting plugin MagicLeapPassableWorld
LogPluginManager: Mounting plugin MLSDK
LogPluginManager: Mounting plugin AndroidMedia
LogPluginManager: Mounting plugin AvfMedia
LogPluginManager: Mounting plugin ImgMedia
LogPluginManager: Mounting plugin MediaCompositing
LogPluginManager: Mounting plugin MediaPlayerEditor
LogPluginManager: Mounting plugin WebMMedia
LogPluginManager: Mounting plugin WmfMedia
LogPluginManager: Mounting plugin MeshPainting
LogPluginManager: Mounting plugin TcpMessaging
LogPluginManager: Mounting plugin UdpMessaging
LogPluginManager: Mounting plugin ActorSequence
LogPluginManager: Mounting plugin LevelSequenceEditor
LogPluginManager: Mounting plugin MatineeToLevelSequence
LogPluginManager: Mounting plugin MovieRenderPipeline
LogPluginManager: Mounting plugin TemplateSequence
LogPluginManager: Mounting plugin NetcodeUnitTest
LogPluginManager: Mounting plugin NUTUnrealEngine4
LogPluginManager: Mounting plugin OnlineSubsystemGooglePlay
LogPluginManager: Mounting plugin OnlineSubsystemIOS
LogPluginManager: Mounting plugin OnlineSubsystem
LogPluginManager: Mounting plugin OnlineSubsystemNull
LogPluginManager: Mounting plugin OnlineSubsystemUtils
LogPluginManager: Mounting plugin LauncherChunkInstaller
LogPluginManager: Mounting plugin AndroidDeviceProfileSelector
LogPluginManager: Mounting plugin AndroidMoviePlayer
LogPluginManager: Mounting plugin AndroidPermission
LogPluginManager: Mounting plugin AppleImageUtils
LogPluginManager: Mounting plugin AppleMoviePlayer
LogPluginManager: Mounting plugin ArchVisCharacter
LogPluginManager: Mounting plugin AssetTags
LogPluginManager: Mounting plugin AudioCapture
LogPluginManager: Mounting plugin CableComponent
LogPluginManager: Mounting plugin CustomMeshComponent
LogPluginManager: Mounting plugin EditableMesh
LogPluginManager: Mounting plugin ExampleDeviceProfileSelector
LogPluginManager: Mounting plugin GoogleCloudMessaging
LogPluginManager: Mounting plugin GooglePAD
LogPluginManager: Mounting plugin IOSDeviceProfileSelector
LogPluginManager: Mounting plugin LinuxDeviceProfileSelector
LogPluginManager: Mounting plugin LocationServicesBPLibrary
LogPluginManager: Mounting plugin MobilePatchingUtils
LogPluginManager: Mounting plugin OculusVR
LogPluginManager: Mounting plugin PhysXVehicles
LogPluginManager: Mounting plugin PostSplashScreen
LogPluginManager: Mounting plugin ProceduralMeshComponent
LogPluginManager: Mounting plugin RuntimePhysXCooking
LogPluginManager: Mounting plugin SignificanceManager
LogPluginManager: Mounting plugin SoundFields
LogPluginManager: Mounting plugin SteamVR
LogPluginManager: Mounting plugin Synthesis
LogPluginManager: Mounting plugin WebMMoviePlayer
LogPluginManager: Mounting plugin WindowsMoviePlayer
LogPluginManager: Mounting plugin ScreenshotTools
LogInit: Using libcurl 7.55.1-DEV
LogInit:  - built for x86_64-pc-win32
LogInit:  - supports SSL with OpenSSL/1.1.1
LogInit:  - supports HTTP deflate (compression) using libz 1.2.8
LogInit:  - other features:
LogInit:      CURL_VERSION_SSL
LogInit:      CURL_VERSION_LIBZ
LogInit:      CURL_VERSION_IPV6
LogInit:      CURL_VERSION_ASYNCHDNS
LogInit:      CURL_VERSION_LARGEFILE
LogInit:      CURL_VERSION_IDN
LogInit:  CurlRequestOptions (configurable via config and command line):
LogInit:  - bVerifyPeer = true  - Libcurl will verify peer certificate
LogInit:  - bUseHttpProxy = false  - Libcurl will NOT use HTTP proxy
LogInit:  - bDontReuseConnections = false  - Libcurl will reuse connections
LogInit:  - MaxHostConnections = 16  - Libcurl will limit the number of connections to a host
LogInit:  - LocalHostAddr = Default
LogInit:  - BufferSize = 65536
LogOnline: OSS: Creating online subsystem instance for: NULL
LogInit: WinSock: version 1.1 (2.2), MaxSocks=32767, MaxUdp=65467
LogOnline: OSS: TryLoadSubsystemAndSetDefault: Loaded subsystem for module [NULL]
LogOculusPluginWrapper: OculusPlugin initialized successfully
LogHMD: Could not determine HMD audio input device
LogInit: Build: ++UE4+Release-4.25-CL-13594126
LogInit: Engine Version: 4.25.1-13594126+++UE4+Release-4.25
LogInit: Compatible Engine Version: 4.25.0-13144385+++UE4+Release-4.25
LogInit: Net CL: 13144385
LogInit: OS: Windows 10 (Release 1909) (), CPU: Intel(R) Core(TM) i7-7700 CPU @ 3.60GHz, GPU: NVIDIA GeForce RTX 2070 SUPER
LogInit: Compiled (64-bit): Jun  2 2020 02:10:36
LogInit: Compiled with Visual C++: 19.24.28315.00
LogInit: Build Configuration: Development
LogInit: Branch Name: ++UE4+Release-4.25
LogInit: Command Line: 
LogInit: Base Directory: D:/unreal/UE_4.25/Engine/Binaries/Win64/
LogInit: Allocator: TBB
LogInit: Installed Engine Build: 1
LogDevObjectVersion: Number of dev versions registered: 26
LogDevObjectVersion:   Dev-Blueprints (B0D832E4-1F89-4F0D-ACCF-7EB736FD4AA2): 10
LogDevObjectVersion:   Dev-Build (E1C64328-A22C-4D53-A36C-8E866417BD8C): 0
LogDevObjectVersion:   Dev-Core (375EC13C-06E4-48FB-B500-84F0262A717E): 4
LogDevObjectVersion:   Dev-Editor (E4B068ED-F494-42E9-A231-DA0B2E46BB41): 38
LogDevObjectVersion:   Dev-Framework (CFFC743F-43B0-4480-9391-14DF171D2073): 37
LogDevObjectVersion:   Dev-Mobile (B02B49B5-BB20-44E9-A304-32B752E40360): 2
LogDevObjectVersion:   Dev-Networking (A4E4105C-59A1-49B5-A7C5-40C4547EDFEE): 0
LogDevObjectVersion:   Dev-Online (39C831C9-5AE6-47DC-9A44-9C173E1C8E7C): 0
LogDevObjectVersion:   Dev-Physics (78F01B33-EBEA-4F98-B9B4-84EACCB95AA2): 4
LogDevObjectVersion:   Dev-Platform (6631380F-2D4D-43E0-8009-CF276956A95A): 0
LogDevObjectVersion:   Dev-Rendering (12F88B9F-8875-4AFC-A67C-D90C383ABD29): 43
LogDevObjectVersion:   Dev-Sequencer (7B5AE74C-D270-4C10-A958-57980B212A5A): 12
LogDevObjectVersion:   Dev-VR (D7296918-1DD6-4BDD-9DE2-64A83CC13884): 3
LogDevObjectVersion:   Dev-LoadTimes (C2A15278-BFE7-4AFE-6C17-90FF531DF755): 1
LogDevObjectVersion:   Private-Geometry (6EACA3D4-40EC-4CC1-B786-8BED09428FC5): 3
LogDevObjectVersion:   Dev-AnimPhys (29E575DD-E0A3-4627-9D10-D276232CDCEA): 17
LogDevObjectVersion:   Dev-Anim (AF43A65D-7FD3-4947-9873-3E8ED9C1BB05): 7
LogDevObjectVersion:   Dev-ReflectionCapture (6B266CEC-1EC7-4B8F-A30B-E4D90942FC07): 1
LogDevObjectVersion:   Dev-Automation (0DF73D61-A23F-47EA-B727-89E90C41499A): 1
LogDevObjectVersion:   FortniteMain (601D1886-AC64-4F84-AA16-D3DE0DEAC7D6): 31
LogDevObjectVersion:   Dev-Enterprise (9DFFBCD6-494F-0158-E221-12823C92A888): 10
LogDevObjectVersion:   Dev-Niagara (F2AED0AC-9AFE-416F-8664-AA7FFA26D6FC): 1
LogDevObjectVersion:   Dev-Destruction (174F1F0B-B4C6-45A5-B13F-2EE8D0FB917D): 10
LogDevObjectVersion:   Dev-Physics-Ext (35F94A83-E258-406C-A318-09F59610247C): 37
LogDevObjectVersion:   Dev-PhysicsMaterial-Chaos (B68FC16E-8B1B-42E2-B453-215C058844FE): 1
LogDevObjectVersion:   Dev-CineCamera (B2E18506-4273-CFC2-A54E-F4BB758BBA07): 1
LogInit: Presizing for max 25165824 objects, including 0 objects not considered by GC, pre-allocating 0 bytes for permanent pool.
LogConfig: Applying CVar settings from Section [/Script/Engine.StreamingSettings] File [D:/VRPaint1/VRPaint1/VRPaint/Saved/Config/Windows/Engine.ini]
LogConfig: Setting CVar [[s.MinBulkDataSizeForAsyncLoading:131072]]
LogConfig: Setting CVar [[s.AsyncLoadingThreadEnabled:0]]
LogConfig: Setting CVar [[s.EventDrivenLoaderEnabled:1]]
LogConfig: Setting CVar [[s.WarnIfTimeLimitExceeded:0]]
LogConfig: Setting CVar [[s.TimeLimitExceededMultiplier:1.5]]
LogConfig: Setting CVar [[s.TimeLimitExceededMinTime:0.005]]
LogConfig: Setting CVar [[s.UseBackgroundLevelStreaming:1]]
LogConfig: Setting CVar [[s.PriorityAsyncLoadingExtraTime:15.0]]
LogConfig: Setting CVar [[s.LevelStreamingActorsUpdateTimeLimit:5.0]]
LogConfig: Setting CVar [[s.PriorityLevelStreamingActorsUpdateExtraTime:5.0]]
LogConfig: Setting CVar [[s.LevelStreamingComponentsRegistrationGranularity:10]]
LogConfig: Setting CVar [[s.UnregisterComponentsTimeLimit:1.0]]
LogConfig: Setting CVar [[s.LevelStreamingComponentsUnregistrationGranularity:5]]
LogConfig: Setting CVar [[s.FlushStreamingOnExit:1]]
LogInit: Object subsystem initialized
LogConfig: Setting CVar [[con.DebugEarlyDefault:1]]
LogConfig: Setting CVar [[r.setres:1280x720]]
[2020.06.11-04.24.22:037][  0]LogConfig: Setting CVar [[r.VSync:0]]
[2020.06.11-04.24.22:037][  0]LogConfig: Setting CVar [[r.RHICmdBypass:0]]
[2020.06.11-04.24.22:037][  0]LogConfig: Applying CVar settings from Section [/Script/Engine.RendererSettings] File [D:/VRPaint1/VRPaint1/VRPaint/Saved/Config/Windows/Engine.ini]
[2020.06.11-04.24.22:037][  0]LogConfig: Setting CVar [[r.GPUCrashDebugging:0]]
[2020.06.11-04.24.22:037][  0]LogConfig: Setting CVar [[r.Mobile.DisableVertexFog:1]]
[2020.06.11-04.24.22:037][  0]LogConfig: Setting CVar [[r.Shadow.CSM.MaxMobileCascades:2]]
[2020.06.11-04.24.22:037][  0]LogConfig: Setting CVar [[r.MobileMSAA:1]]
[2020.06.11-04.24.22:037][  0]LogConfig: Setting CVar [[r.Mobile.UseLegacyShadingModel:0]]
[2020.06.11-04.24.22:037][  0]LogConfig: Setting CVar [[r.Mobile.AllowDitheredLODTransition:0]]
[2020.06.11-04.24.22:037][  0]LogConfig: Setting CVar [[r.Mobile.AllowSoftwareOcclusion:0]]
[2020.06.11-04.24.22:037][  0]LogConfig: Setting CVar [[r.Mobile.VirtualTextures:0]]
[2020.06.11-04.24.22:037][  0]LogConfig: Setting CVar [[r.DiscardUnusedQuality:0]]
[2020.06.11-04.24.22:037][  0]LogConfig: Setting CVar [[r.AllowOcclusionQueries:1]]
[2020.06.11-04.24.22:037][  0]LogConfig: Setting CVar [[r.MinScreenRadiusForLights:0.030000]]
[2020.06.11-04.24.22:037][  0]LogConfig: Setting CVar [[r.MinScreenRadiusForDepthPrepass:0.030000]]
[2020.06.11-04.24.22:037][  0]LogConfig: Setting CVar [[r.MinScreenRadiusForCSMDepth:0.010000]]
[2020.06.11-04.24.22:037][  0]LogConfig: Setting CVar [[r.PrecomputedVisibilityWarning:0]]
[2020.06.11-04.24.22:037][  0]LogConfig: Setting CVar [[r.TextureStreaming:1]]
[2020.06.11-04.24.22:037][  0]LogConfig: Setting CVar [[Compat.UseDXT5NormalMaps:0]]
[2020.06.11-04.24.22:037][  0]LogConfig: Setting CVar [[r.VirtualTextures:0]]
[2020.06.11-04.24.22:037][  0]LogConfig: Setting CVar [[r.VirtualTexturedLightmaps:0]]
[2020.06.11-04.24.22:037][  0]LogConfig: Setting CVar [[r.VT.TileSize:128]]
[2020.06.11-04.24.22:037][  0]LogConfig: Setting CVar [[r.VT.TileBorderSize:4]]
[2020.06.11-04.24.22:037][  0]LogConfig: Setting CVar [[r.vt.FeedbackFactor:16]]
[2020.06.11-04.24.22:037][  0]LogConfig: Setting CVar [[r.VT.EnableCompressZlib:1]]
[2020.06.11-04.24.22:037][  0]LogConfig: Setting CVar [[r.VT.EnableCompressCrunch:0]]
[2020.06.11-04.24.22:037][  0]LogConfig: Setting CVar [[r.ClearCoatNormal:0]]
[2020.06.11-04.24.22:037][  0]LogConfig: Setting CVar [[r.AnisotropicBRDF:0]]
[2020.06.11-04.24.22:037][  0]LogConfig: Setting CVar [[r.ReflectionCaptureResolution:128]]
[2020.06.11-04.24.22:037][  0]LogConfig: Setting CVar [[r.ReflectionEnvironmentLightmapMixBasedOnRoughness:1]]
[2020.06.11-04.24.22:037][  0]LogConfig: Setting CVar [[r.ForwardShading:1]]
[2020.06.11-04.24.22:037][  0]LogConfig: Setting CVar [[r.VertexFoggingForOpaque:1]]
[2020.06.11-04.24.22:037][  0]LogConfig: Setting CVar [[r.AllowStaticLighting:1]]
[2020.06.11-04.24.22:037][  0]LogConfig: Setting CVar [[r.NormalMapsForStaticLighting:0]]
[2020.06.11-04.24.22:037][  0]LogConfig: Setting CVar [[r.GenerateMeshDistanceFields:0]]
[2020.06.11-04.24.22:037][  0]LogConfig: Setting CVar [[r.DistanceFieldBuild.EightBit:0]]
[2020.06.11-04.24.22:037][  0]LogConfig: Setting CVar [[r.GenerateLandscapeGIData:0]]
[2020.06.11-04.24.22:037][  0]LogConfig: Setting CVar [[r.DistanceFieldBuild.Compress:0]]
[2020.06.11-04.24.22:037][  0]LogConfig: Setting CVar [[r.TessellationAdaptivePixelsPerTriangle:48.000000]]
[2020.06.11-04.24.22:037][  0]LogConfig: Setting CVar [[r.SeparateTranslucency:0]]
[2020.06.11-04.24.22:037][  0]LogConfig: Setting CVar [[r.TranslucentSortPolicy:0]]
[2020.06.11-04.24.22:037][  0]LogConfig: Setting CVar [[r.CustomDepth:1]]
[2020.06.11-04.24.22:037][  0]LogConfig: Setting CVar [[r.CustomDepthTemporalAAJitter:1]]
[2020.06.11-04.24.22:037][  0]LogConfig: Setting CVar [[r.PostProcessing.PropagateAlpha:0]]
[2020.06.11-04.24.22:037][  0]LogConfig: Setting CVar [[r.DefaultFeature.Bloom:0]]
[2020.06.11-04.24.22:037][  0]LogConfig: Setting CVar [[r.DefaultFeature.AmbientOcclusion:0]]
[2020.06.11-04.24.22:037][  0]LogConfig: Setting CVar [[r.DefaultFeature.AmbientOcclusionStaticFraction:1]]
[2020.06.11-04.24.22:037][  0]LogConfig: Setting CVar [[r.DefaultFeature.AutoExposure:0]]
[2020.06.11-04.24.22:037][  0]LogConfig: Setting CVar [[r.DefaultFeature.AutoExposure.Method:0]]
[2020.06.11-04.24.22:037][  0]LogConfig: Setting CVar [[r.DefaultFeature.AutoExposure.Bias:1.000000]]
[2020.06.11-04.24.22:037][  0]LogConfig: Setting CVar [[r.DefaultFeature.AutoExposure.ExtendDefaultLuminanceRange:0]]
[2020.06.11-04.24.22:037][  0]LogConfig: Setting CVar [[r.UsePreExposure:1]]
[2020.06.11-04.24.22:037][  0]LogConfig: Setting CVar [[r.EyeAdaptation.EditorOnly:0]]
[2020.06.11-04.24.22:037][  0]LogConfig: Setting CVar [[r.DefaultFeature.MotionBlur:0]]
[2020.06.11-04.24.22:037][  0]LogConfig: Setting CVar [[r.DefaultFeature.LensFlare:0]]
[2020.06.11-04.24.22:038][  0]LogConfig: Setting CVar [[r.TemporalAA.Upsampling:0]]
[2020.06.11-04.24.22:038][  0]LogConfig: Setting CVar [[r.SSGI.Enable:0]]
[2020.06.11-04.24.22:038][  0]LogConfig: Setting CVar [[r.DefaultFeature.AntiAliasing:0]]
[2020.06.11-04.24.22:038][  0]LogConfig: Setting CVar [[r.DefaultFeature.LightUnits:1]]
[2020.06.11-04.24.22:038][  0]LogConfig: Setting CVar [[r.DefaultBackBufferPixelFormat:4]]
[2020.06.11-04.24.22:038][  0]LogConfig: Setting CVar [[r.Shadow.UnbuiltPreviewInGame:1]]
[2020.06.11-04.24.22:038][  0]LogConfig: Setting CVar [[r.StencilForLODDither:0]]
[2020.06.11-04.24.22:038][  0]LogConfig: Setting CVar [[r.EarlyZPass:3]]
[2020.06.11-04.24.22:038][  0]LogConfig: Setting CVar [[r.EarlyZPassOnlyMaterialMasking:0]]
[2020.06.11-04.24.22:038][  0]LogConfig: Setting CVar [[r.DBuffer:1]]
[2020.06.11-04.24.22:038][  0]LogConfig: Setting CVar [[r.ClearSceneMethod:1]]
[2020.06.11-04.24.22:038][  0]LogConfig: Setting CVar [[r.BasePassOutputsVelocity:0]]
[2020.06.11-04.24.22:038][  0]LogConfig: Setting CVar [[r.VertexDeformationOutputsVelocity:0]]
[2020.06.11-04.24.22:038][  0]LogConfig: Setting CVar [[r.SelectiveBasePassOutputs:0]]
[2020.06.11-04.24.22:038][  0]LogConfig: Setting CVar [[fx.GPUSimulationTextureSizeX:1024]]
[2020.06.11-04.24.22:038][  0]LogConfig: Setting CVar [[fx.GPUSimulationTextureSizeY:1024]]
[2020.06.11-04.24.22:038][  0]LogConfig: Setting CVar [[r.AllowGlobalClipPlane:0]]
[2020.06.11-04.24.22:038][  0]LogConfig: Setting CVar [[r.GBufferFormat:1]]
[2020.06.11-04.24.22:038][  0]LogConfig: Setting CVar [[r.MorphTarget.Mode:1]]
[2020.06.11-04.24.22:038][  0]LogConfig: Setting CVar [[vr.InstancedStereo:0]]
[2020.06.11-04.24.22:038][  0]LogConfig: Setting CVar [[r.MobileHDR:0]]
[2020.06.11-04.24.22:038][  0]LogConfig: Setting CVar [[vr.MobileMultiView:0]]
[2020.06.11-04.24.22:038][  0]LogConfig: Setting CVar [[r.Mobile.UseHWsRGBEncoding:1]]
[2020.06.11-04.24.22:038][  0]LogConfig: Setting CVar [[vr.RoundRobinOcclusion:0]]
[2020.06.11-04.24.22:038][  0]LogConfig: Setting CVar [[vr.ODSCapture:0]]
[2020.06.11-04.24.22:038][  0]LogConfig: Setting CVar [[r.MeshStreaming:0]]
[2020.06.11-04.24.22:038][  0]LogConfig: Setting CVar [[r.WireframeCullThreshold:5.000000]]
[2020.06.11-04.24.22:038][  0]LogConfig: Setting CVar [[r.RayTracing:0]]
[2020.06.11-04.24.22:038][  0]LogConfig: Setting CVar [[r.RayTracing.UseTextureLod:0]]
[2020.06.11-04.24.22:038][  0]LogConfig: Setting CVar [[r.SupportStationarySkylight:1]]
[2020.06.11-04.24.22:038][  0]LogConfig: Setting CVar [[r.SupportLowQualityLightmaps:1]]
[2020.06.11-04.24.22:038][  0]LogConfig: Setting CVar [[r.SupportPointLightWholeSceneShadows:1]]
[2020.06.11-04.24.22:038][  0]LogConfig: Setting CVar [[r.SupportAtmosphericFog:1]]
[2020.06.11-04.24.22:038][  0]LogConfig: Setting CVar [[r.SupportSkyAtmosphere:1]]
[2020.06.11-04.24.22:038][  0]LogConfig: Setting CVar [[r.SupportSkyAtmosphereAffectsHeightFog:0]]
[2020.06.11-04.24.22:038][  0]LogConfig: Setting CVar [[r.SkinCache.CompileShaders:0]]
[2020.06.11-04.24.22:038][  0]LogConfig: Setting CVar [[r.SkinCache.DefaultBehavior:1]]
[2020.06.11-04.24.22:038][  0]LogConfig: Setting CVar [[r.SkinCache.SceneMemoryLimitInMB:128.000000]]
[2020.06.11-04.24.22:038][  0]LogConfig: Setting CVar [[r.Mobile.EnableStaticAndCSMShadowReceivers:1]]
[2020.06.11-04.24.22:038][  0]LogConfig: Setting CVar [[r.Mobile.EnableMovableLightCSMShaderCulling:1]]
[2020.06.11-04.24.22:038][  0]LogConfig: Setting CVar [[r.Mobile.AllowDistanceFieldShadows:1]]
[2020.06.11-04.24.22:038][  0]LogConfig: Setting CVar [[r.Mobile.AllowMovableDirectionalLights:1]]
[2020.06.11-04.24.22:038][  0]LogConfig: Setting CVar [[r.MobileNumDynamicPointLights:4]]
[2020.06.11-04.24.22:038][  0]LogConfig: Setting CVar [[r.MobileDynamicPointLightsUseStaticBranch:1]]
[2020.06.11-04.24.22:038][  0]LogConfig: Setting CVar [[r.Mobile.EnableMovableSpotlights:0]]
[2020.06.11-04.24.22:038][  0]LogConfig: Setting CVar [[r.GPUSkin.Support16BitBoneIndex:0]]
[2020.06.11-04.24.22:038][  0]LogConfig: Setting CVar [[r.GPUSkin.Limit2BoneInfluences:0]]
[2020.06.11-04.24.22:038][  0]LogConfig: Setting CVar [[r.SupportDepthOnlyIndexBuffers:1]]
[2020.06.11-04.24.22:038][  0]LogConfig: Setting CVar [[r.SupportReversedIndexBuffers:1]]
[2020.06.11-04.24.22:038][  0]LogConfig: Setting CVar [[r.SupportMaterialLayers:0]]
[2020.06.11-04.24.22:038][  0]LogConfig: Setting CVar [[r.LightPropagationVolume:0]]
[2020.06.11-04.24.22:038][  0]LogConfig: Applying CVar settings from Section [/Script/Engine.RendererOverrideSettings] File [D:/VRPaint1/VRPaint1/VRPaint/Saved/Config/Windows/Engine.ini]
[2020.06.11-04.24.22:038][  0]LogConfig: Applying CVar settings from Section [/Script/Engine.StreamingSettings] File [D:/VRPaint1/VRPaint1/VRPaint/Saved/Config/Windows/Engine.ini]
[2020.06.11-04.24.22:038][  0]LogConfig: Setting CVar [[s.MinBulkDataSizeForAsyncLoading:131072]]
[2020.06.11-04.24.22:038][  0]LogConfig: Setting CVar [[s.AsyncLoadingThreadEnabled:0]]
[2020.06.11-04.24.22:038][  0]LogConfig: Setting CVar [[s.EventDrivenLoaderEnabled:1]]
[2020.06.11-04.24.22:038][  0]LogConfig: Setting CVar [[s.WarnIfTimeLimitExceeded:0]]
[2020.06.11-04.24.22:038][  0]LogConfig: Setting CVar [[s.TimeLimitExceededMultiplier:1.5]]
[2020.06.11-04.24.22:038][  0]LogConfig: Setting CVar [[s.TimeLimitExceededMinTime:0.005]]
[2020.06.11-04.24.22:039][  0]LogConfig: Setting CVar [[s.UseBackgroundLevelStreaming:1]]
[2020.06.11-04.24.22:039][  0]LogConfig: Setting CVar [[s.PriorityAsyncLoadingExtraTime:15.0]]
[2020.06.11-04.24.22:039][  0]LogConfig: Setting CVar [[s.LevelStreamingActorsUpdateTimeLimit:5.0]]
[2020.06.11-04.24.22:039][  0]LogConfig: Setting CVar [[s.PriorityLevelStreamingActorsUpdateExtraTime:5.0]]
[2020.06.11-04.24.22:039][  0]LogConfig: Setting CVar [[s.LevelStreamingComponentsRegistrationGranularity:10]]
[2020.06.11-04.24.22:039][  0]LogConfig: Setting CVar [[s.UnregisterComponentsTimeLimit:1.0]]
[2020.06.11-04.24.22:039][  0]LogConfig: Setting CVar [[s.LevelStreamingComponentsUnregistrationGranularity:5]]
[2020.06.11-04.24.22:039][  0]LogConfig: Setting CVar [[s.FlushStreamingOnExit:1]]
[2020.06.11-04.24.22:039][  0]LogConfig: Applying CVar settings from Section [/Script/Engine.GarbageCollectionSettings] File [D:/VRPaint1/VRPaint1/VRPaint/Saved/Config/Windows/Engine.ini]
[2020.06.11-04.24.22:039][  0]LogConfig: Setting CVar [[gc.MaxObjectsNotConsideredByGC:1]]
[2020.06.11-04.24.22:039][  0]LogConfig: Setting CVar [[gc.SizeOfPermanentObjectPool:0]]
[2020.06.11-04.24.22:039][  0]LogConfig: Setting CVar [[gc.FlushStreamingOnGC:0]]
[2020.06.11-04.24.22:039][  0]LogConfig: Setting CVar [[gc.NumRetriesBeforeForcingGC:10]]
[2020.06.11-04.24.22:039][  0]LogConfig: Setting CVar [[gc.AllowParallelGC:1]]
[2020.06.11-04.24.22:039][  0]LogConfig: Setting CVar [[gc.TimeBetweenPurgingPendingKillObjects:61.1]]
[2020.06.11-04.24.22:039][  0]LogConfig: Setting CVar [[gc.MaxObjectsInEditor:25165824]]
[2020.06.11-04.24.22:039][  0]LogConfig: Setting CVar [[gc.IncrementalBeginDestroyEnabled:1]]
[2020.06.11-04.24.22:039][  0]LogConfig: Setting CVar [[gc.CreateGCClusters:1]]
[2020.06.11-04.24.22:039][  0]LogConfig: Setting CVar [[gc.MinGCClusterSize:5]]
[2020.06.11-04.24.22:039][  0]LogConfig: Setting CVar [[gc.ActorClusteringEnabled:0]]
[2020.06.11-04.24.22:039][  0]LogConfig: Setting CVar [[gc.BlueprintClusteringEnabled:0]]
[2020.06.11-04.24.22:039][  0]LogConfig: Setting CVar [[gc.UseDisregardForGCOnDedicatedServers:0]]
[2020.06.11-04.24.22:039][  0]LogConfig: Applying CVar settings from Section [/Script/Engine.NetworkSettings] File [D:/VRPaint1/VRPaint1/VRPaint/Saved/Config/Windows/Engine.ini]
[2020.06.11-04.24.22:039][  0]LogConfig: Applying CVar settings from Section [/Script/UnrealEd.CookerSettings] File [D:/VRPaint1/VRPaint1/VRPaint/Saved/Config/Windows/Engine.ini]
[2020.06.11-04.24.22:041][  0]LogConfig: Applying CVar settings from Section [ViewDistanceQuality@3] File [D:/VRPaint1/VRPaint1/VRPaint/Saved/Config/Windows/Scalability.ini]
[2020.06.11-04.24.22:041][  0]LogConfig: Setting CVar [[r.SkeletalMeshLODBias:0]]
[2020.06.11-04.24.22:041][  0]LogConfig: Setting CVar [[r.ViewDistanceScale:1.0]]
[2020.06.11-04.24.22:041][  0]LogConfig: Applying CVar settings from Section [AntiAliasingQuality@3] File [D:/VRPaint1/VRPaint1/VRPaint/Saved/Config/Windows/Scalability.ini]
[2020.06.11-04.24.22:041][  0]LogConfig: Setting CVar [[r.PostProcessAAQuality:4]]
[2020.06.11-04.24.22:041][  0]LogConfig: Applying CVar settings from Section [ShadowQuality@3] File [D:/VRPaint1/VRPaint1/VRPaint/Saved/Config/Windows/Scalability.ini]
[2020.06.11-04.24.22:041][  0]LogConfig: Setting CVar [[r.LightFunctionQuality:1]]
[2020.06.11-04.24.22:041][  0]LogConfig: Setting CVar [[r.ShadowQuality:5]]
[2020.06.11-04.24.22:041][  0]LogConfig: Setting CVar [[r.Shadow.CSM.MaxCascades:10]]
[2020.06.11-04.24.22:041][  0]LogConfig: Setting CVar [[r.Shadow.MaxResolution:2048]]
[2020.06.11-04.24.22:041][  0]LogConfig: Setting CVar [[r.Shadow.MaxCSMResolution:2048]]
[2020.06.11-04.24.22:041][  0]LogConfig: Setting CVar [[r.Shadow.RadiusThreshold:0.01]]
[2020.06.11-04.24.22:041][  0]LogConfig: Setting CVar [[r.Shadow.DistanceScale:1.0]]
[2020.06.11-04.24.22:041][  0]LogConfig: Setting CVar [[r.Shadow.CSM.TransitionScale:1.0]]
[2020.06.11-04.24.22:041][  0]LogConfig: Setting CVar [[r.Shadow.PreShadowResolutionFactor:1.0]]
[2020.06.11-04.24.22:041][  0]LogConfig: Setting CVar [[r.DistanceFieldShadowing:1]]
[2020.06.11-04.24.22:041][  0]LogConfig: Setting CVar [[r.DistanceFieldAO:1]]
[2020.06.11-04.24.22:041][  0]LogConfig: Setting CVar [[r.AOQuality:2]]
[2020.06.11-04.24.22:041][  0]LogConfig: Setting CVar [[r.VolumetricFog:1]]
[2020.06.11-04.24.22:041][  0]LogConfig: Setting CVar [[r.VolumetricFog.GridPixelSize:8]]
[2020.06.11-04.24.22:041][  0]LogConfig: Setting CVar [[r.VolumetricFog.GridSizeZ:128]]
[2020.06.11-04.24.22:041][  0]LogConfig: Setting CVar [[r.VolumetricFog.HistoryMissSupersampleCount:4]]
[2020.06.11-04.24.22:041][  0]LogConfig: Setting CVar [[r.LightMaxDrawDistanceScale:1]]
[2020.06.11-04.24.22:041][  0]LogConfig: Setting CVar [[r.CapsuleShadows:1]]
[2020.06.11-04.24.22:041][  0]LogConfig: Applying CVar settings from Section [PostProcessQuality@3] File [D:/VRPaint1/VRPaint1/VRPaint/Saved/Config/Windows/Scalability.ini]
[2020.06.11-04.24.22:042][  0]LogConfig: Setting CVar [[r.MotionBlurQuality:4]]
[2020.06.11-04.24.22:042][  0]LogConfig: Setting CVar [[r.AmbientOcclusionMipLevelFactor:0.4]]
[2020.06.11-04.24.22:042][  0]LogConfig: Setting CVar [[r.AmbientOcclusionMaxQuality:100]]
[2020.06.11-04.24.22:042][  0]LogConfig: Setting CVar [[r.AmbientOcclusionLevels:-1]]
[2020.06.11-04.24.22:042][  0]LogConfig: Setting CVar [[r.AmbientOcclusionRadiusScale:1.0]]
[2020.06.11-04.24.22:042][  0]LogConfig: Setting CVar [[r.DepthOfFieldQuality:2]]
[2020.06.11-04.24.22:042][  0]LogConfig: Setting CVar [[r.RenderTargetPoolMin:400]]
[2020.06.11-04.24.22:042][  0]LogConfig: Setting CVar [[r.LensFlareQuality:2]]
[2020.06.11-04.24.22:042][  0]LogConfig: Setting CVar [[r.SceneColorFringeQuality:1]]
[2020.06.11-04.24.22:042][  0]LogConfig: Setting CVar [[r.EyeAdaptationQuality:2]]
[2020.06.11-04.24.22:042][  0]LogConfig: Setting CVar [[r.BloomQuality:5]]
[2020.06.11-04.24.22:042][  0]LogConfig: Setting CVar [[r.FastBlurThreshold:100]]
[2020.06.11-04.24.22:042][  0]LogConfig: Setting CVar [[r.Upscale.Quality:3]]
[2020.06.11-04.24.22:042][  0]LogConfig: Setting CVar [[r.Tonemapper.GrainQuantization:1]]
[2020.06.11-04.24.22:042][  0]LogConfig: Setting CVar [[r.LightShaftQuality:1]]
[2020.06.11-04.24.22:042][  0]LogConfig: Setting CVar [[r.Filter.SizeScale:1]]
[2020.06.11-04.24.22:042][  0]LogConfig: Setting CVar [[r.Tonemapper.Quality:5]]
[2020.06.11-04.24.22:042][  0]LogConfig: Setting CVar [[r.DOF.Gather.AccumulatorQuality:1        ; higher gathering accumulator quality]]
[2020.06.11-04.24.22:042][  0]LogConfig: Setting CVar [[r.DOF.Gather.PostfilterMethod:1          ; Median3x3 postfilering method]]
[2020.06.11-04.24.22:042][  0]LogConfig: Setting CVar [[r.DOF.Gather.EnableBokehSettings:0       ; no bokeh simulation when gathering]]
[2020.06.11-04.24.22:042][  0]LogConfig: Setting CVar [[r.DOF.Gather.RingCount:4                 ; medium number of samples when gathering]]
[2020.06.11-04.24.22:042][  0]LogConfig: Setting CVar [[r.DOF.Scatter.ForegroundCompositing:1    ; additive foreground scattering]]
[2020.06.11-04.24.22:042][  0]LogConfig: Setting CVar [[r.DOF.Scatter.BackgroundCompositing:2    ; additive background scattering]]
[2020.06.11-04.24.22:042][  0]LogConfig: Setting CVar [[r.DOF.Scatter.EnableBokehSettings:1      ; bokeh simulation when scattering]]
[2020.06.11-04.24.22:042][  0]LogConfig: Setting CVar [[r.DOF.Scatter.MaxSpriteRatio:0.1         ; only a maximum of 10% of scattered bokeh]]
[2020.06.11-04.24.22:042][  0]LogConfig: Setting CVar [[r.DOF.Recombine.Quality:1                ; cheap slight out of focus]]
[2020.06.11-04.24.22:042][  0]LogConfig: Setting CVar [[r.DOF.Recombine.EnableBokehSettings:0    ; no bokeh simulation on slight out of focus]]
[2020.06.11-04.24.22:042][  0]LogConfig: Setting CVar [[r.DOF.TemporalAAQuality:1                ; more stable temporal accumulation]]
[2020.06.11-04.24.22:042][  0]LogConfig: Setting CVar [[r.DOF.Kernel.MaxForegroundRadius:0.025]]
[2020.06.11-04.24.22:042][  0]LogConfig: Setting CVar [[r.DOF.Kernel.MaxBackgroundRadius:0.025]]
[2020.06.11-04.24.22:042][  0]LogConfig: Applying CVar settings from Section [TextureQuality@3] File [D:/VRPaint1/VRPaint1/VRPaint/Saved/Config/Windows/Scalability.ini]
[2020.06.11-04.24.22:042][  0]LogConfig: Setting CVar [[r.Streaming.MipBias:0]]
[2020.06.11-04.24.22:042][  0]LogConfig: Setting CVar [[r.Streaming.AmortizeCPUToGPUCopy:0]]
[2020.06.11-04.24.22:042][  0]LogConfig: Setting CVar [[r.Streaming.MaxNumTexturesToStreamPerFrame:0]]
[2020.06.11-04.24.22:042][  0]LogConfig: Setting CVar [[r.Streaming.Boost:1]]
[2020.06.11-04.24.22:042][  0]LogConfig: Setting CVar [[r.MaxAnisotropy:8]]
[2020.06.11-04.24.22:042][  0]LogConfig: Setting CVar [[r.VT.MaxAnisotropy:8]]
[2020.06.11-04.24.22:042][  0]LogConfig: Setting CVar [[r.Streaming.LimitPoolSizeToVRAM:0]]
[2020.06.11-04.24.22:042][  0]LogConfig: Setting CVar [[r.Streaming.PoolSize:1000]]
[2020.06.11-04.24.22:042][  0]LogConfig: Setting CVar [[r.Streaming.MaxEffectiveScreenSize:0]]
[2020.06.11-04.24.22:042][  0]LogConfig: Applying CVar settings from Section [EffectsQuality@3] File [D:/VRPaint1/VRPaint1/VRPaint/Saved/Config/Windows/Scalability.ini]
[2020.06.11-04.24.22:042][  0]LogConfig: Setting CVar [[r.TranslucencyLightingVolumeDim:64]]
[2020.06.11-04.24.22:042][  0]LogConfig: Setting CVar [[r.RefractionQuality:2]]
[2020.06.11-04.24.22:042][  0]LogConfig: Setting CVar [[r.SSR.Quality:3]]
[2020.06.11-04.24.22:042][  0]LogConfig: Setting CVar [[r.SSR.HalfResSceneColor:0]]
[2020.06.11-04.24.22:042][  0]LogConfig: Setting CVar [[r.SceneColorFormat:4]]
[2020.06.11-04.24.22:042][  0]LogConfig: Setting CVar [[r.DetailMode:2]]
[2020.06.11-04.24.22:042][  0]LogConfig: Setting CVar [[r.TranslucencyVolumeBlur:1]]
[2020.06.11-04.24.22:042][  0]LogConfig: Setting CVar [[r.MaterialQualityLevel:1 ; High quality]]
[2020.06.11-04.24.22:042][  0]LogConfig: Setting CVar [[r.SSS.Scale:1]]
[2020.06.11-04.24.22:042][  0]LogConfig: Setting CVar [[r.SSS.SampleSet:2]]
[2020.06.11-04.24.22:042][  0]LogConfig: Setting CVar [[r.SSS.Quality:1]]
[2020.06.11-04.24.22:042][  0]LogConfig: Setting CVar [[r.SSS.HalfRes:0]]
[2020.06.11-04.24.22:042][  0]LogConfig: Setting CVar [[r.SSGI.Quality:3]]
[2020.06.11-04.24.22:042][  0]LogConfig: Setting CVar [[r.EmitterSpawnRateScale:1.0]]
[2020.06.11-04.24.22:042][  0]LogConfig: Setting CVar [[r.ParticleLightQuality:2]]
[2020.06.11-04.24.22:042][  0]LogConfig: Setting CVar [[r.SkyAtmosphere.AerialPerspectiveLUT.FastApplyOnOpaque:1 ; Always have FastSkyLUT 1 in this case to avoid wrong sky]]
[2020.06.11-04.24.22:042][  0]LogConfig: Setting CVar [[r.SkyAtmosphere.AerialPerspectiveLUT.SampleCountPerSlice:1]]
[2020.06.11-04.24.22:042][  0]LogConfig: Setting CVar [[r.SkyAtmosphere.AerialPerspectiveLUT.DepthResolution:16.0]]
[2020.06.11-04.24.22:042][  0]LogConfig: Setting CVar [[r.SkyAtmosphere.FastSkyLUT:1]]
[2020.06.11-04.24.22:042][  0]LogConfig: Setting CVar [[r.SkyAtmosphere.FastSkyLUT.SampleCountMin:4.0]]
[2020.06.11-04.24.22:043][  0]LogConfig: Setting CVar [[r.SkyAtmosphere.FastSkyLUT.SampleCountMax:32.0]]
[2020.06.11-04.24.22:043][  0]LogConfig: Setting CVar [[r.SkyAtmosphere.SampleCountMin:4.0]]
[2020.06.11-04.24.22:043][  0]LogConfig: Setting CVar [[r.SkyAtmosphere.SampleCountMax:32.0]]
[2020.06.11-04.24.22:043][  0]LogConfig: Setting CVar [[r.SkyAtmosphere.TransmittanceLUT.UseSmallFormat:0]]
[2020.06.11-04.24.22:043][  0]LogConfig: Setting CVar [[r.SkyAtmosphere.TransmittanceLUT.SampleCount:10.0]]
[2020.06.11-04.24.22:043][  0]LogConfig: Setting CVar [[r.SkyAtmosphere.MultiScatteringLUT.SampleCount:15.0]]
[2020.06.11-04.24.22:043][  0]LogConfig: Applying CVar settings from Section [FoliageQuality@3] File [D:/VRPaint1/VRPaint1/VRPaint/Saved/Config/Windows/Scalability.ini]
[2020.06.11-04.24.22:043][  0]LogConfig: Setting CVar [[foliage.DensityScale:1.0]]
[2020.06.11-04.24.22:043][  0]LogConfig: Setting CVar [[grass.DensityScale:1.0]]
[2020.06.11-04.24.22:043][  0]LogConfig: Applying CVar settings from Section [ShadingQuality@3] File [D:/VRPaint1/VRPaint1/VRPaint/Saved/Config/Windows/Scalability.ini]
[2020.06.11-04.24.22:043][  0]LogConfig: Setting CVar [[r.HairStrands.SkyLighting.SampleCount:16]]
[2020.06.11-04.24.22:043][  0]LogConfig: Setting CVar [[r.HairStrands.SkyLighting.JitterIntegration:0]]
[2020.06.11-04.24.22:043][  0]LogConfig: Setting CVar [[r.HairStrands.SkyAO.SampleCount:16]]
[2020.06.11-04.24.22:043][  0]LogConfig: Setting CVar [[r.HairStrands.DeepShadow.SuperSampling:0]]
[2020.06.11-04.24.22:043][  0]LogConfig: Setting CVar [[r.HairStrands.VisibilityPPLL:0]]
[2020.06.11-04.24.22:043][  0]LogConfig: Setting CVar [[r.HairStrands.RasterizationScale:0.5]]
[2020.06.11-04.24.22:043][  0]LogConfig: Setting CVar [[r.HairStrands.VelocityRasterizationScale:1]]
[2020.06.11-04.24.22:043][  0]LogInit: Selected Device Profile: [Windows]
[2020.06.11-04.24.22:043][  0]LogInit: Applying CVar settings loaded from the selected device profile: [Windows]
[2020.06.11-04.24.22:043][  0]LogHAL: Display: Platform has ~ 16 GB [17136091136 / 17179869184 / 16], which maps to Larger [LargestMinGB=32, LargerMinGB=12, DefaultMinGB=8, SmallerMinGB=6, SmallestMinGB=0)
[2020.06.11-04.24.22:043][  0]LogInit: Going up to parent DeviceProfile []
[2020.06.11-04.24.22:043][  0]LogConfig: Applying CVar settings from Section [ViewDistanceQuality@3] File [D:/VRPaint1/VRPaint1/VRPaint/Saved/Config/Windows/Scalability.ini]
[2020.06.11-04.24.22:043][  0]LogConfig: Setting CVar [[r.SkeletalMeshLODBias:0]]
[2020.06.11-04.24.22:043][  0]LogConfig: Setting CVar [[r.ViewDistanceScale:1.0]]
[2020.06.11-04.24.22:043][  0]LogConfig: Applying CVar settings from Section [AntiAliasingQuality@3] File [D:/VRPaint1/VRPaint1/VRPaint/Saved/Config/Windows/Scalability.ini]
[2020.06.11-04.24.22:043][  0]LogConfig: Setting CVar [[r.PostProcessAAQuality:4]]
[2020.06.11-04.24.22:043][  0]LogConfig: Applying CVar settings from Section [ShadowQuality@3] File [D:/VRPaint1/VRPaint1/VRPaint/Saved/Config/Windows/Scalability.ini]
[2020.06.11-04.24.22:043][  0]LogConfig: Setting CVar [[r.LightFunctionQuality:1]]
[2020.06.11-04.24.22:043][  0]LogConfig: Setting CVar [[r.ShadowQuality:5]]
[2020.06.11-04.24.22:043][  0]LogConfig: Setting CVar [[r.Shadow.CSM.MaxCascades:10]]
[2020.06.11-04.24.22:043][  0]LogConfig: Setting CVar [[r.Shadow.MaxResolution:2048]]
[2020.06.11-04.24.22:043][  0]LogConfig: Setting CVar [[r.Shadow.MaxCSMResolution:2048]]
[2020.06.11-04.24.22:043][  0]LogConfig: Setting CVar [[r.Shadow.RadiusThreshold:0.01]]
[2020.06.11-04.24.22:043][  0]LogConfig: Setting CVar [[r.Shadow.DistanceScale:1.0]]
[2020.06.11-04.24.22:043][  0]LogConfig: Setting CVar [[r.Shadow.CSM.TransitionScale:1.0]]
[2020.06.11-04.24.22:043][  0]LogConfig: Setting CVar [[r.Shadow.PreShadowResolutionFactor:1.0]]
[2020.06.11-04.24.22:043][  0]LogConfig: Setting CVar [[r.DistanceFieldShadowing:1]]
[2020.06.11-04.24.22:043][  0]LogConfig: Setting CVar [[r.DistanceFieldAO:1]]
[2020.06.11-04.24.22:043][  0]LogConfig: Setting CVar [[r.AOQuality:2]]
[2020.06.11-04.24.22:043][  0]LogConfig: Setting CVar [[r.VolumetricFog:1]]
[2020.06.11-04.24.22:043][  0]LogConfig: Setting CVar [[r.VolumetricFog.GridPixelSize:8]]
[2020.06.11-04.24.22:043][  0]LogConfig: Setting CVar [[r.VolumetricFog.GridSizeZ:128]]
[2020.06.11-04.24.22:043][  0]LogConfig: Setting CVar [[r.VolumetricFog.HistoryMissSupersampleCount:4]]
[2020.06.11-04.24.22:043][  0]LogConfig: Setting CVar [[r.LightMaxDrawDistanceScale:1]]
[2020.06.11-04.24.22:043][  0]LogConfig: Setting CVar [[r.CapsuleShadows:1]]
[2020.06.11-04.24.22:043][  0]LogConfig: Applying CVar settings from Section [PostProcessQuality@3] File [D:/VRPaint1/VRPaint1/VRPaint/Saved/Config/Windows/Scalability.ini]
[2020.06.11-04.24.22:043][  0]LogConfig: Setting CVar [[r.MotionBlurQuality:4]]
[2020.06.11-04.24.22:043][  0]LogConfig: Setting CVar [[r.AmbientOcclusionMipLevelFactor:0.4]]
[2020.06.11-04.24.22:043][  0]LogConfig: Setting CVar [[r.AmbientOcclusionMaxQuality:100]]
[2020.06.11-04.24.22:044][  0]LogConfig: Setting CVar [[r.AmbientOcclusionLevels:-1]]
[2020.06.11-04.24.22:044][  0]LogConfig: Setting CVar [[r.AmbientOcclusionRadiusScale:1.0]]
[2020.06.11-04.24.22:044][  0]LogConfig: Setting CVar [[r.DepthOfFieldQuality:2]]
[2020.06.11-04.24.22:044][  0]LogConfig: Setting CVar [[r.RenderTargetPoolMin:400]]
[2020.06.11-04.24.22:044][  0]LogConfig: Setting CVar [[r.LensFlareQuality:2]]
[2020.06.11-04.24.22:044][  0]LogConfig: Setting CVar [[r.SceneColorFringeQuality:1]]
[2020.06.11-04.24.22:044][  0]LogConfig: Setting CVar [[r.EyeAdaptationQuality:2]]
[2020.06.11-04.24.22:044][  0]LogConfig: Setting CVar [[r.BloomQuality:5]]
[2020.06.11-04.24.22:044][  0]LogConfig: Setting CVar [[r.FastBlurThreshold:100]]
[2020.06.11-04.24.22:044][  0]LogConfig: Setting CVar [[r.Upscale.Quality:3]]
[2020.06.11-04.24.22:044][  0]LogConfig: Setting CVar [[r.Tonemapper.GrainQuantization:1]]
[2020.06.11-04.24.22:044][  0]LogConfig: Setting CVar [[r.LightShaftQuality:1]]
[2020.06.11-04.24.22:044][  0]LogConfig: Setting CVar [[r.Filter.SizeScale:1]]
[2020.06.11-04.24.22:044][  0]LogConfig: Setting CVar [[r.Tonemapper.Quality:5]]
[2020.06.11-04.24.22:044][  0]LogConfig: Setting CVar [[r.DOF.Gather.AccumulatorQuality:1        ; higher gathering accumulator quality]]
[2020.06.11-04.24.22:044][  0]LogConfig: Setting CVar [[r.DOF.Gather.PostfilterMethod:1          ; Median3x3 postfilering method]]
[2020.06.11-04.24.22:044][  0]LogConfig: Setting CVar [[r.DOF.Gather.EnableBokehSettings:0       ; no bokeh simulation when gathering]]
[2020.06.11-04.24.22:044][  0]LogConfig: Setting CVar [[r.DOF.Gather.RingCount:4                 ; medium number of samples when gathering]]
[2020.06.11-04.24.22:044][  0]LogConfig: Setting CVar [[r.DOF.Scatter.ForegroundCompositing:1    ; additive foreground scattering]]
[2020.06.11-04.24.22:044][  0]LogConfig: Setting CVar [[r.DOF.Scatter.BackgroundCompositing:2    ; additive background scattering]]
[2020.06.11-04.24.22:044][  0]LogConfig: Setting CVar [[r.DOF.Scatter.EnableBokehSettings:1      ; bokeh simulation when scattering]]
[2020.06.11-04.24.22:044][  0]LogConfig: Setting CVar [[r.DOF.Scatter.MaxSpriteRatio:0.1         ; only a maximum of 10% of scattered bokeh]]
[2020.06.11-04.24.22:044][  0]LogConfig: Setting CVar [[r.DOF.Recombine.Quality:1                ; cheap slight out of focus]]
[2020.06.11-04.24.22:044][  0]LogConfig: Setting CVar [[r.DOF.Recombine.EnableBokehSettings:0    ; no bokeh simulation on slight out of focus]]
[2020.06.11-04.24.22:044][  0]LogConfig: Setting CVar [[r.DOF.TemporalAAQuality:1                ; more stable temporal accumulation]]
[2020.06.11-04.24.22:044][  0]LogConfig: Setting CVar [[r.DOF.Kernel.MaxForegroundRadius:0.025]]
[2020.06.11-04.24.22:044][  0]LogConfig: Setting CVar [[r.DOF.Kernel.MaxBackgroundRadius:0.025]]
[2020.06.11-04.24.22:044][  0]LogConfig: Applying CVar settings from Section [TextureQuality@3] File [D:/VRPaint1/VRPaint1/VRPaint/Saved/Config/Windows/Scalability.ini]
[2020.06.11-04.24.22:044][  0]LogConfig: Setting CVar [[r.Streaming.MipBias:0]]
[2020.06.11-04.24.22:044][  0]LogConfig: Setting CVar [[r.Streaming.AmortizeCPUToGPUCopy:0]]
[2020.06.11-04.24.22:044][  0]LogConfig: Setting CVar [[r.Streaming.MaxNumTexturesToStreamPerFrame:0]]
[2020.06.11-04.24.22:044][  0]LogConfig: Setting CVar [[r.Streaming.Boost:1]]
[2020.06.11-04.24.22:044][  0]LogConfig: Setting CVar [[r.MaxAnisotropy:8]]
[2020.06.11-04.24.22:044][  0]LogConfig: Setting CVar [[r.VT.MaxAnisotropy:8]]
[2020.06.11-04.24.22:044][  0]LogConfig: Setting CVar [[r.Streaming.LimitPoolSizeToVRAM:0]]
[2020.06.11-04.24.22:044][  0]LogConfig: Setting CVar [[r.Streaming.PoolSize:1000]]
[2020.06.11-04.24.22:044][  0]LogConfig: Setting CVar [[r.Streaming.MaxEffectiveScreenSize:0]]
[2020.06.11-04.24.22:044][  0]LogConfig: Applying CVar settings from Section [EffectsQuality@3] File [D:/VRPaint1/VRPaint1/VRPaint/Saved/Config/Windows/Scalability.ini]
[2020.06.11-04.24.22:044][  0]LogConfig: Setting CVar [[r.TranslucencyLightingVolumeDim:64]]
[2020.06.11-04.24.22:044][  0]LogConfig: Setting CVar [[r.RefractionQuality:2]]
[2020.06.11-04.24.22:044][  0]LogConfig: Setting CVar [[r.SSR.Quality:3]]
[2020.06.11-04.24.22:044][  0]LogConfig: Setting CVar [[r.SSR.HalfResSceneColor:0]]
[2020.06.11-04.24.22:044][  0]LogConfig: Setting CVar [[r.SceneColorFormat:4]]
[2020.06.11-04.24.22:044][  0]LogConfig: Setting CVar [[r.DetailMode:2]]
[2020.06.11-04.24.22:044][  0]LogConfig: Setting CVar [[r.TranslucencyVolumeBlur:1]]
[2020.06.11-04.24.22:044][  0]LogConfig: Setting CVar [[r.MaterialQualityLevel:1 ; High quality]]
[2020.06.11-04.24.22:044][  0]LogConfig: Setting CVar [[r.SSS.Scale:1]]
[2020.06.11-04.24.22:044][  0]LogConfig: Setting CVar [[r.SSS.SampleSet:2]]
[2020.06.11-04.24.22:044][  0]LogConfig: Setting CVar [[r.SSS.Quality:1]]
[2020.06.11-04.24.22:044][  0]LogConfig: Setting CVar [[r.SSS.HalfRes:0]]
[2020.06.11-04.24.22:044][  0]LogConfig: Setting CVar [[r.SSGI.Quality:3]]
[2020.06.11-04.24.22:044][  0]LogConfig: Setting CVar [[r.EmitterSpawnRateScale:1.0]]
[2020.06.11-04.24.22:044][  0]LogConfig: Setting CVar [[r.ParticleLightQuality:2]]
[2020.06.11-04.24.22:044][  0]LogConfig: Setting CVar [[r.SkyAtmosphere.AerialPerspectiveLUT.FastApplyOnOpaque:1 ; Always have FastSkyLUT 1 in this case to avoid wrong sky]]
[2020.06.11-04.24.22:044][  0]LogConfig: Setting CVar [[r.SkyAtmosphere.AerialPerspectiveLUT.SampleCountPerSlice:1]]
[2020.06.11-04.24.22:044][  0]LogConfig: Setting CVar [[r.SkyAtmosphere.AerialPerspectiveLUT.DepthResolution:16.0]]
[2020.06.11-04.24.22:044][  0]LogConfig: Setting CVar [[r.SkyAtmosphere.FastSkyLUT:1]]
[2020.06.11-04.24.22:044][  0]LogConfig: Setting CVar [[r.SkyAtmosphere.FastSkyLUT.SampleCountMin:4.0]]
[2020.06.11-04.24.22:045][  0]LogConfig: Setting CVar [[r.SkyAtmosphere.FastSkyLUT.SampleCountMax:32.0]]
[2020.06.11-04.24.22:045][  0]LogConfig: Setting CVar [[r.SkyAtmosphere.SampleCountMin:4.0]]
[2020.06.11-04.24.22:045][  0]LogConfig: Setting CVar [[r.SkyAtmosphere.SampleCountMax:32.0]]
[2020.06.11-04.24.22:045][  0]LogConfig: Setting CVar [[r.SkyAtmosphere.TransmittanceLUT.UseSmallFormat:0]]
[2020.06.11-04.24.22:045][  0]LogConfig: Setting CVar [[r.SkyAtmosphere.TransmittanceLUT.SampleCount:10.0]]
[2020.06.11-04.24.22:045][  0]LogConfig: Setting CVar [[r.SkyAtmosphere.MultiScatteringLUT.SampleCount:15.0]]
[2020.06.11-04.24.22:045][  0]LogConfig: Applying CVar settings from Section [FoliageQuality@3] File [D:/VRPaint1/VRPaint1/VRPaint/Saved/Config/Windows/Scalability.ini]
[2020.06.11-04.24.22:045][  0]LogConfig: Setting CVar [[foliage.DensityScale:1.0]]
[2020.06.11-04.24.22:045][  0]LogConfig: Setting CVar [[grass.DensityScale:1.0]]
[2020.06.11-04.24.22:045][  0]LogConfig: Applying CVar settings from Section [ShadingQuality@3] File [D:/VRPaint1/VRPaint1/VRPaint/Saved/Config/Windows/Scalability.ini]
[2020.06.11-04.24.22:045][  0]LogConfig: Setting CVar [[r.HairStrands.SkyLighting.SampleCount:16]]
[2020.06.11-04.24.22:045][  0]LogConfig: Setting CVar [[r.HairStrands.SkyLighting.JitterIntegration:0]]
[2020.06.11-04.24.22:045][  0]LogConfig: Setting CVar [[r.HairStrands.SkyAO.SampleCount:16]]
[2020.06.11-04.24.22:045][  0]LogConfig: Setting CVar [[r.HairStrands.DeepShadow.SuperSampling:0]]
[2020.06.11-04.24.22:045][  0]LogConfig: Setting CVar [[r.HairStrands.VisibilityPPLL:0]]
[2020.06.11-04.24.22:045][  0]LogConfig: Setting CVar [[r.HairStrands.RasterizationScale:0.5]]
[2020.06.11-04.24.22:045][  0]LogConfig: Setting CVar [[r.HairStrands.VelocityRasterizationScale:1]]
[2020.06.11-04.24.22:045][  0]LogConfig: Applying CVar settings from Section [Startup] File [../../../Engine/Config/ConsoleVariables.ini]
[2020.06.11-04.24.22:045][  0]LogConfig: Setting CVar [[net.UseAdaptiveNetUpdateFrequency:0]]
[2020.06.11-04.24.22:045][  0]LogConfig: Setting CVar [[p.chaos.AllowCreatePhysxBodies:1]]
[2020.06.11-04.24.22:045][  0]LogConfig: Setting CVar [[fx.SkipVectorVMBackendOptimizations:1]]
[2020.06.11-04.24.22:045][  0]LogConfig: Applying CVar settings from Section [ConsoleVariables] File [D:/VRPaint1/VRPaint1/VRPaint/Saved/Config/Windows/Engine.ini]
[2020.06.11-04.24.22:045][  0]LogInit: Computer: DESKTOP-RAJSEF7
[2020.06.11-04.24.22:045][  0]LogInit: User: chris
[2020.06.11-04.24.22:045][  0]LogInit: CPU Page size=4096, Cores=4
[2020.06.11-04.24.22:045][  0]LogInit: High frequency timer resolution =10.000000 MHz
[2020.06.11-04.24.22:046][  0]LogMemory: Memory total: Physical=16.0GB (16GB approx)
[2020.06.11-04.24.22:046][  0]LogMemory: Platform Memory Stats for Windows
[2020.06.11-04.24.22:046][  0]LogMemory: Process Physical Memory: 121.47 MB used, 121.47 MB peak
[2020.06.11-04.24.22:046][  0]LogMemory: Process Virtual Memory: 110.77 MB used, 110.77 MB peak
[2020.06.11-04.24.22:046][  0]LogMemory: Physical Memory: 6071.32 MB used,  10270.93 MB free, 16342.25 MB total
[2020.06.11-04.24.22:046][  0]LogMemory: Virtual Memory: 5198.92 MB used,  134212528.00 MB free, 134217728.00 MB total
[2020.06.11-04.24.22:051][  0]LogWindows: WindowsPlatformFeatures enabled
[2020.06.11-04.24.22:089][  0]LogInit: Physics initialised using underlying interface: PhysX
[2020.06.11-04.24.22:091][  0]LogInit: Using OS detected language (en-US).
[2020.06.11-04.24.22:091][  0]LogInit: Using OS detected locale (en-US).
[2020.06.11-04.24.22:094][  0]LogTextLocalizationManager: No specific localization for 'en-US' exists, so the 'en' localization will be used.
[2020.06.11-04.24.22:322][  0]LogInit: Setting process to per monitor DPI aware
[2020.06.11-04.24.22:355][  0]LogSlate: New Slate User Created.  User Index 0, Is Virtual User: 0
[2020.06.11-04.24.22:355][  0]LogSlate: Slate User Registered.  User Index 0, Is Virtual User: 0
[2020.06.11-04.24.22:653][  0]LogD3D11RHI: D3D11 min allowed feature level: 11_0
[2020.06.11-04.24.22:653][  0]LogD3D11RHI: D3D11 max allowed feature level: 11_0
[2020.06.11-04.24.22:653][  0]LogD3D11RHI: D3D11 adapters:
[2020.06.11-04.24.22:727][  0]LogD3D11RHI:    0. 'NVIDIA GeForce RTX 2070 SUPER' (Feature Level 11_0)
[2020.06.11-04.24.22:727][  0]LogD3D11RHI:       8011/0/8171 MB DedicatedVideo/DedicatedSystem/SharedSystem, Outputs:1, VendorId:0x10de
[2020.06.11-04.24.22:730][  0]LogD3D11RHI:    1. 'Microsoft Basic Render Driver' (Feature Level 11_0)
[2020.06.11-04.24.22:730][  0]LogD3D11RHI:       0/0/8171 MB DedicatedVideo/DedicatedSystem/SharedSystem, Outputs:0, VendorId:0x1414
[2020.06.11-04.24.22:730][  0]LogD3D11RHI: Chosen D3D11 Adapter: 0
[2020.06.11-04.24.22:737][  0]LogD3D11RHI: Creating new Direct3DDevice
[2020.06.11-04.24.22:737][  0]LogD3D11RHI:     GPU DeviceId: 0x1e84 (for the marketing name, search the web for "GPU Device Id")
[2020.06.11-04.24.22:737][  0]LogWindows: EnumDisplayDevices:
[2020.06.11-04.24.22:738][  0]LogWindows:    0. 'NVIDIA GeForce RTX 2070 SUPER' (P:1 D:1)
[2020.06.11-04.24.22:738][  0]LogWindows:    1. 'NVIDIA GeForce RTX 2070 SUPER' (P:0 D:0)
[2020.06.11-04.24.22:738][  0]LogWindows:    2. 'NVIDIA GeForce RTX 2070 SUPER' (P:0 D:0)
[2020.06.11-04.24.22:739][  0]LogWindows:    3. 'NVIDIA GeForce RTX 2070 SUPER' (P:0 D:0)
[2020.06.11-04.24.22:739][  0]LogWindows: DebugString: FoundDriverCount:4 
[2020.06.11-04.24.22:739][  0]LogD3D11RHI:     Adapter Name: NVIDIA GeForce RTX 2070 SUPER
[2020.06.11-04.24.22:739][  0]LogD3D11RHI:   Driver Version: 446.14 (internal:26.21.14.4614, unified:446.14)
[2020.06.11-04.24.22:739][  0]LogD3D11RHI:      Driver Date: 5-15-2020
[2020.06.11-04.24.22:739][  0]LogRHI: Texture pool is 5607 MB (70% of 8011 MB)
[2020.06.11-04.24.22:804][  0]LogD3D11RHI: RHI has support for 64 bit atomics
[2020.06.11-04.24.22:807][  0]LogD3D11RHI: [Aftermath] Enabled and primed
[2020.06.11-04.24.22:807][  0]LogD3D11RHI: Async texture creation enabled
[2020.06.11-04.24.22:807][  0]LogD3D11RHI: Array index from any shader is supported
[2020.06.11-04.24.22:839][  0]LogD3D11RHI: GPU Timing Frequency: 1000.000000 (Debug: 2 1)
[2020.06.11-04.24.23:215][  0]LogTargetPlatformManager: Display: Loaded TargetPlatform 'AllDesktop'
[2020.06.11-04.24.23:248][  0]LogTargetPlatformManager: Display: Loaded TargetPlatform 'Android'
[2020.06.11-04.24.23:248][  0]LogTargetPlatformManager: Display: Loaded TargetPlatform 'Android_ASTC'
[2020.06.11-04.24.23:248][  0]LogTargetPlatformManager: Display: Loaded TargetPlatform 'Android_DXT'
[2020.06.11-04.24.23:248][  0]LogTargetPlatformManager: Display: Loaded TargetPlatform 'Android_ETC2'
[2020.06.11-04.24.23:248][  0]LogTargetPlatformManager: Display: Loaded TargetPlatform 'AndroidClient'
[2020.06.11-04.24.23:248][  0]LogTargetPlatformManager: Display: Loaded TargetPlatform 'Android_ASTCClient'
[2020.06.11-04.24.23:248][  0]LogTargetPlatformManager: Display: Loaded TargetPlatform 'Android_DXTClient'
[2020.06.11-04.24.23:248][  0]LogTargetPlatformManager: Display: Loaded TargetPlatform 'Android_ETC2Client'
[2020.06.11-04.24.23:248][  0]LogTargetPlatformManager: Display: Loaded TargetPlatform 'Android_Multi'
[2020.06.11-04.24.23:248][  0]LogTargetPlatformManager: Display: Loaded TargetPlatform 'Android_MultiClient'
[2020.06.11-04.24.23:281][  0]LogTargetPlatformManager: Display: Loaded TargetPlatform 'IOSClient'
[2020.06.11-04.24.23:281][  0]LogTargetPlatformManager: Display: Loaded TargetPlatform 'IOS'
[2020.06.11-04.24.23:295][  0]LogTargetPlatformManager: Display: Loaded TargetPlatform 'Linux'
[2020.06.11-04.24.23:309][  0]LogTargetPlatformManager: Display: Loaded TargetPlatform 'LinuxNoEditor'
[2020.06.11-04.24.23:322][  0]LogTargetPlatformManager: Display: Loaded TargetPlatform 'LinuxClient'
[2020.06.11-04.24.23:336][  0]LogTargetPlatformManager: Display: Loaded TargetPlatform 'LinuxServer'
[2020.06.11-04.24.23:350][  0]LogTargetPlatformManager: Display: Loaded TargetPlatform 'LinuxAArch64NoEditor'
[2020.06.11-04.24.23:364][  0]LogTargetPlatformManager: Display: Loaded TargetPlatform 'LinuxAArch64Client'
[2020.06.11-04.24.23:378][  0]LogTargetPlatformManager: Display: Loaded TargetPlatform 'LinuxAArch64Server'
[2020.06.11-04.24.23:418][  0]LogTargetPlatformManager: Display: Loaded TargetPlatform 'Lumin'
[2020.06.11-04.24.23:418][  0]LogTargetPlatformManager: Display: Loaded TargetPlatform 'LuminClient'
[2020.06.11-04.24.23:443][  0]LogTargetPlatformManager: Display: Loaded TargetPlatform 'TVOSClient'
[2020.06.11-04.24.23:443][  0]LogTargetPlatformManager: Display: Loaded TargetPlatform 'TVOS'
[2020.06.11-04.24.23:457][  0]LogTargetPlatformManager: Display: Loaded TargetPlatform 'WindowsNoEditor'
[2020.06.11-04.24.23:471][  0]LogTargetPlatformManager: Display: Loaded TargetPlatform 'Windows'
[2020.06.11-04.24.23:486][  0]LogTargetPlatformManager: Display: Loaded TargetPlatform 'WindowsClient'
[2020.06.11-04.24.23:499][  0]LogTargetPlatformManager: Display: Loaded TargetPlatform 'WindowsServer'
[2020.06.11-04.24.23:499][  0]LogTargetPlatformManager: Display: Building Assets For Windows
[2020.06.11-04.24.23:509][  0]LogAudioDebug: Display: Lib vorbis DLL was dynamically loaded.
[2020.06.11-04.24.23:575][  0]LogShaderCompilers: Guid format shader working directory is 5 characters bigger than the processId version (../../../../../VRPaint1/VRPaint1/VRPaint/Intermediate/Shaders/WorkingDirectory/14448/).
[2020.06.11-04.24.23:575][  0]LogShaderCompilers: Cleaned the shader compiler working directory 'C:/Users/chris/AppData/Local/Temp/UnrealShaderWorkingDir/2FCF159441451CBCBC0C7881C370946E/'.
[2020.06.11-04.24.23:575][  0]LogXGEController: Cleaning working directory: C:/Users/chris/AppData/Local/Temp/UnrealXGEWorkingDir/
[2020.06.11-04.24.23:576][  0]LogXGEController: Cannot use XGE Controller as Incredibuild is not installed on this machine.
[2020.06.11-04.24.23:576][  0]LogShaderCompilers: Cannot use XGE Shader Compiler as Incredibuild is not installed on this machine.
[2020.06.11-04.24.23:576][  0]LogShaderCompilers: Display: Using Local Shader Compiler.
[2020.06.11-04.24.24:760][  0]LogDerivedDataCache: Display: Max Cache Size: 512 MB
[2020.06.11-04.24.24:822][  0]LogDerivedDataCache: Loaded boot cache 0.06s 82MB C:/Users/chris/AppData/Local/UnrealEngine/4.25/DerivedDataCache/Boot.ddc.
[2020.06.11-04.24.24:822][  0]LogDerivedDataCache: Display: Loaded Boot cache: C:/Users/chris/AppData/Local/UnrealEngine/4.25/DerivedDataCache/Boot.ddc
[2020.06.11-04.24.24:822][  0]LogDerivedDataCache: FDerivedDataBackendGraph:  Pak pak cache file ../../../../../VRPaint1/VRPaint1/VRPaint/DerivedDataCache/DDC.ddp not found, will not use a pak cache.
[2020.06.11-04.24.24:822][  0]LogDerivedDataCache: Unable to find inner node Pak for hierarchical cache Hierarchy.
[2020.06.11-04.24.24:822][  0]LogDerivedDataCache: FDerivedDataBackendGraph:  CompressedPak pak cache file ../../../../../VRPaint1/VRPaint1/VRPaint/DerivedDataCache/Compressed.ddp not found, will not use a pak cache.
[2020.06.11-04.24.24:822][  0]LogDerivedDataCache: Unable to find inner node CompressedPak for hierarchical cache Hierarchy.
[2020.06.11-04.24.24:836][  0]LogDerivedDataCache: Display: Pak cache opened for reading ../../../Engine/DerivedDataCache/Compressed.ddp.
[2020.06.11-04.24.24:836][  0]LogDerivedDataCache: FDerivedDataBackendGraph:  EnterprisePak pak cache file ../../../Enterprise/DerivedDataCache/Compressed.ddp not found, will not use a pak cache.
[2020.06.11-04.24.24:836][  0]LogDerivedDataCache: Unable to find inner node EnterprisePak for hierarchical cache Hierarchy.
[2020.06.11-04.24.24:837][  0]LogDerivedDataCache: Using Local data cache path C:/Users/chris/AppData/Local/UnrealEngine/Common/DerivedDataCache: Writable
[2020.06.11-04.24.24:837][  0]LogDerivedDataCache: Shared data cache path not found in *engine.ini, will not use an Shared cache.
[2020.06.11-04.24.24:837][  0]LogDerivedDataCache: Unable to find inner node Shared for hierarchical cache Hierarchy.
[2020.06.11-04.24.24:909][  0]LogSlate: Using FreeType 2.10.0
[2020.06.11-04.24.24:910][  0]LogSlate: SlateFontServices - WITH_FREETYPE: 1, WITH_HARFBUZZ: 1
[2020.06.11-04.24.24:947][  0]LogAssetRegistry: FAssetRegistry took 0.0033 seconds to start up
[2020.06.11-04.24.25:287][  0]LogInit: Selected Device Profile: [Windows]
[2020.06.11-04.24.25:451][  0]LogMeshReduction: Using QuadricMeshReduction for automatic static mesh reduction
[2020.06.11-04.24.25:451][  0]LogMeshReduction: Using SimplygonMeshReduction for automatic skeletal mesh reduction
[2020.06.11-04.24.25:451][  0]LogMeshReduction: Using ProxyLODMeshReduction for automatic mesh merging
[2020.06.11-04.24.25:451][  0]LogMeshReduction: No distributed automatic mesh merging module available
[2020.06.11-04.24.25:451][  0]LogMeshMerging: No distributed automatic mesh merging module available
[2020.06.11-04.24.25:468][  0]LogNetVersion: VRPaint 1.0.0, NetCL: 13144385, EngineNetVer: 14, GameNetVer: 0 (Checksum: 3068009844)
[2020.06.11-04.24.26:067][  0]LogAISub: UAISubsystem::UAISubsystem AISubsystem (00000242A5510340), frame # 0
[2020.06.11-04.24.26:067][  0]LogAISub: UAISubsystem::UAISubsystem AIPerceptionSystem (00000242A5442AC0), frame # 0
[2020.06.11-04.24.26:068][  0]LogAISub: UAISubsystem::UAISubsystem EnvQueryManager (00000242A54B8C00), frame # 0
[2020.06.11-04.24.26:143][  0]LogPackageLocalizationCache: Processed 19 localized package path(s) for 1 prioritized culture(s) in 0.067328 seconds
[2020.06.11-04.24.26:150][  0]LogUObjectArray: 15917 objects as part of root set at end of initial load.
[2020.06.11-04.24.26:150][  0]LogUObjectAllocator: 3965568 out of 0 bytes used by permanent object pool.
[2020.06.11-04.24.26:150][  0]LogUObjectArray: CloseDisregardForGC: 0/0 objects in disregard for GC pool
[2020.06.11-04.24.26:548][  0]LogTcpMessaging: Initializing TcpMessaging bridge
[2020.06.11-04.24.26:553][  0]LogUdpMessaging: Initializing bridge on interface 0.0.0.0:0 to multicast group 230.0.0.1:6666.
[2020.06.11-04.24.26:652][  0]SourceControl: Source control is disabled
[2020.06.11-04.24.26:652][  0]SourceControl: Source control is disabled
[2020.06.11-04.24.26:656][  0]SourceControl: Source control is disabled
[2020.06.11-04.24.26:659][  0]SourceControl: Source control is disabled
[2020.06.11-04.24.26:666][  0]SourceControl: Source control is disabled
[2020.06.11-04.24.26:916][  0]LogAndroidPermission: UAndroidPermissionCallbackProxy::GetInstance
[2020.06.11-04.24.26:936][  0]LogAudioCaptureCore: Display: No Audio Capture implementations found. Audio input will be silent.
[2020.06.11-04.24.26:936][  0]LogAudioCaptureCore: Display: No Audio Capture implementations found. Audio input will be silent.
[2020.06.11-04.24.26:989][  0]LogOcInput: OculusInput pre-init called
[2020.06.11-04.24.27:351][  0]LogEngine: Initializing Engine...
[2020.06.11-04.24.27:352][  0]LogHMD: Oculus plugin initialized. Version: 4.25.1-13594126+++UE4+Release-4.25, OVRPlugin: 1.44.0
[2020.06.11-04.24.27:353][  0]LogStats: UGameplayTagsManager::InitializeManager -  0.000 s
[2020.06.11-04.24.27:512][  0]LogInit: Initializing FReadOnlyCVARCache
[2020.06.11-04.24.27:520][  0]LogAIModule: Creating AISystem for world Untitled
[2020.06.11-04.24.27:520][  0]LogAISub: UAISubsystem::UAISubsystem EnvQueryManager (00000242ACDA1800), frame # 0
[2020.06.11-04.24.27:520][  0]LogAISub: UAISubsystem::UAISubsystem AIPerceptionSystem (00000242ACDD5F80), frame # 0
[2020.06.11-04.24.27:543][  0]LogAudioMixer: Display: Audio Mixer Platform Settings:
[2020.06.11-04.24.27:543][  0]LogAudioMixer: Display: 	Sample Rate:						  48000
[2020.06.11-04.24.27:543][  0]LogAudioMixer: Display: 	Callback Buffer Frame Size Requested: 1024
[2020.06.11-04.24.27:543][  0]LogAudioMixer: Display: 	Callback Buffer Frame Size To Use:	  1024
[2020.06.11-04.24.27:543][  0]LogAudioMixer: Display: 	Number of buffers to queue:			  2
[2020.06.11-04.24.27:543][  0]LogAudioMixer: Display: 	Max Channels (voices):				  32
[2020.06.11-04.24.27:543][  0]LogAudioMixer: Display: 	Number of Async Source Workers:		  0
[2020.06.11-04.24.27:543][  0]LogAudio: Display: AudioDevice MaxSources: 32
[2020.06.11-04.24.27:543][  0]LogAudio: Display: Using built-in audio occlusion.
[2020.06.11-04.24.27:543][  0]LogAudioMixer: Display: Initializing audio mixer.
[2020.06.11-04.24.27:559][  0]LogAudioMixer: Display: 0: FrontLeft
[2020.06.11-04.24.27:559][  0]LogAudioMixer: Display: 1: FrontRight
[2020.06.11-04.24.27:607][  0]LogAudioMixer: Display: Using Audio Device ONN TV (2- NVIDIA High Definition Audio)
[2020.06.11-04.24.27:610][  0]LogAudioMixer: Display: Initializing Sound Submixes...
[2020.06.11-04.24.27:612][  0]LogAudioMixer: Display: Creating Master Submix 'MasterSubmixDefault'
[2020.06.11-04.24.27:612][  0]LogAudioMixer: Display: Creating Master Submix 'MasterReverbSubmixDefault'
[2020.06.11-04.24.27:613][  0]LogAudioMixer: Display: Creating Master Submix 'MasterEQSubmixDefault'
[2020.06.11-04.24.27:614][  0]LogInit: FAudioDevice initialized.
[2020.06.11-04.24.27:615][  0]LogNetVersion: Set ProjectVersion to 1.0.0.0. Version Checksum will be recalculated on next use.
[2020.06.11-04.24.27:694][  0]LogDerivedDataCache: Saved boot cache 0.08s 82MB C:/Users/chris/AppData/Local/UnrealEngine/4.25/DerivedDataCache/Boot.ddc.
[2020.06.11-04.24.27:700][  0]LogInit: Texture streaming: Enabled
[2020.06.11-04.24.27:715][  0]LogEngineSessionManager: EngineSessionManager initialized
[2020.06.11-04.24.27:715][  0]LogEditorSessionSummary: Verbose: Initializing EditorSessionSummaryWriter for editor session tracking
[2020.06.11-04.24.27:717][  0]LogEditorSessionSummary: EditorSessionSummaryWriter initialized
[2020.06.11-04.24.27:790][  0]LogInit: Transaction tracking system initialized
[2020.06.11-04.24.27:813][  0]BlueprintLog: New page: Editor Load
[2020.06.11-04.24.27:885][  0]LocalizationService: Localization service is disabled
[2020.06.11-04.24.28:055][  0]LogCook: Display: Max memory allowance for cook 16384mb min free memory 0mb
[2020.06.11-04.24.28:055][  0]LogCook: Display: Mobile HDR setting 0
[2020.06.11-04.24.28:209][  0]LogFileCache: Scanning file cache for directory 'D:/VRPaint1/VRPaint1/VRPaint/Content/' took 0.00s
[2020.06.11-04.24.28:542][  0]SourceControl: Source control is disabled
[2020.06.11-04.24.28:542][  0]LogUnrealEdMisc: Loading editor; pre map load, took 10.210
[2020.06.11-04.24.28:543][  0]Cmd: MAP LOAD FILE="../../../../../VRPaint1/VRPaint1/VRPaint/Content/Maps/Untitled.umap" TEMPLATE=0 SHOWPROGRESS=1 FEATURELEVEL=3
[2020.06.11-04.24.28:543][  0]LightingResults: New page: Lighting Build
[2020.06.11-04.24.28:544][  0]LogWorld: UWorld::CleanupWorld for Untitled, bSessionEnded=true, bCleanupResources=true
[2020.06.11-04.24.28:544][  0]LogSlate: InvalidateAllWidgets triggered.  All widgets were invalidated
[2020.06.11-04.24.28:544][  0]MapCheck: New page: Map Check
[2020.06.11-04.24.28:544][  0]LightingResults: New page: Lighting Build
[2020.06.11-04.24.28:557][  0]LogAISub: UAISubsystem::~UAISubsystem EnvQueryManager (00000242ACDA1800), frame # 0
[2020.06.11-04.24.28:557][  0]LogAISub: UAISubsystem::~UAISubsystem AIPerceptionSystem (00000242ACDD5F80), frame # 0
[2020.06.11-04.24.28:558][  0]LogUObjectHash: Compacting FUObjectHashTables data took   0.85ms
[2020.06.11-04.24.28:671][  0]LogAIModule: Creating AISystem for world Untitled
[2020.06.11-04.24.28:671][  0]LogAISub: UAISubsystem::UAISubsystem EnvQueryManager (0000024293D06400), frame # 0
[2020.06.11-04.24.28:672][  0]LogAISub: UAISubsystem::UAISubsystem AIPerceptionSystem (00000242AD476FC0), frame # 0
[2020.06.11-04.24.28:677][  0]LogEditorServer: Finished looking for orphan Actors (0.000 secs)
[2020.06.11-04.24.28:695][  0]LogUObjectHash: Compacting FUObjectHashTables data took   2.14ms
[2020.06.11-04.24.28:696][  0]Cmd: MAP CHECKDEP NOCLEARLOG
[2020.06.11-04.24.28:696][  0]MapCheck: Map check complete: 0 Error(s), 0 Warning(s), took 0.143ms to complete.
[2020.06.11-04.24.28:696][  0]LogFileHelpers: Loading map 'Untitled' took 0.154
[2020.06.11-04.24.28:700][  0]LogUnrealEdMisc: Total Editor Startup Time, took 10.368
[2020.06.11-04.24.28:872][  0]LogSlate: Updating window title bar state: overlay mode, drag disabled, window buttons hidden, title bar hidden
[2020.06.11-04.24.28:880][  0]LogSlate: Updating window title bar state: overlay mode, drag disabled, window buttons hidden, title bar hidden
[2020.06.11-04.24.28:888][  0]LogSlate: Updating window title bar state: overlay mode, drag disabled, window buttons hidden, title bar hidden
[2020.06.11-04.24.28:896][  0]LogSlate: Updating window title bar state: overlay mode, drag disabled, window buttons hidden, title bar hidden
[2020.06.11-04.24.28:969][  0]LogCollectionManager: Loaded 0 collections in 0.001095 seconds
[2020.06.11-04.24.28:986][  0]LogFileCache: Scanning file cache for directory 'D:/VRPaint1/VRPaint1/VRPaint/Saved/Collections/' took 0.00s
[2020.06.11-04.24.28:986][  0]LogFileCache: Scanning file cache for directory 'D:/VRPaint1/VRPaint1/VRPaint/Content/Developers/chris/Collections/' took 0.00s
[2020.06.11-04.24.28:986][  0]LogFileCache: Scanning file cache for directory 'D:/VRPaint1/VRPaint1/VRPaint/Content/Collections/' took 0.00s
[2020.06.11-04.24.28:986][  0]LogContentBrowser: Native class hierarchy populated in 0.0113 seconds. Added 3431 classes and 823 folders.
[2020.06.11-04.24.28:992][  0]LogContentBrowser: Native class hierarchy updated for 'WidgetCarousel' in 0.0005 seconds. Added 0 classes and 0 folders.
[2020.06.11-04.24.29:097][  0]LogContentBrowser: Native class hierarchy updated for 'AddContentDialog' in 0.0005 seconds. Added 0 classes and 0 folders.
[2020.06.11-04.24.29:112][  0]LogContentBrowser: Native class hierarchy updated for 'HierarchicalLODOutliner' in 0.0005 seconds. Added 0 classes and 0 folders.
[2020.06.11-04.24.29:113][  0]LogLoad: (Engine Initialization) Total time: 10.78 seconds
[2020.06.11-04.24.29:113][  0]LogLoad: (Engine Initialization) Total Blueprint compile time: 0.00 seconds
[2020.06.11-04.24.29:128][  0]LogOcInput: OculusInput is initialized
[2020.06.11-04.24.29:159][  0]LogAssetRegistry: Asset discovery search completed in 4.2132 seconds
[2020.06.11-04.24.29:164][  0]LogCollectionManager: Fixed up redirectors for 0 collections in 0.000003 seconds (updated 0 objects)
[2020.06.11-04.24.29:165][  0]LogContentStreaming: Texture pool size now 1000 MB
[2020.06.11-04.24.29:176][  0]LogSlate: Took 0.000301 seconds to synchronously load lazily loaded font '../../../Engine/Content/Slate/Fonts/Roboto-Regular.ttf' (155K)
[2020.06.11-04.24.29:180][  0]LogSlate: Took 0.000224 seconds to synchronously load lazily loaded font '../../../Engine/Content/Slate/Fonts/Roboto-Bold.ttf' (160K)
[2020.06.11-04.24.29:184][  0]LogSlate: Took 0.000259 seconds to synchronously load lazily loaded font '../../../Engine/Content/Editor/Slate/Fonts/FontAwesome.ttf' (139K)
[2020.06.11-04.24.29:395][  1]LogRenderer: Reallocating scene render targets to support 900x460 Format 10 NumSamples 1 (Frame:1).
[2020.06.11-04.24.32:791][  9]LogRenderer: Reallocating scene render targets to support 900x696 Format 10 NumSamples 1 (Frame:2).
[2020.06.11-04.24.35:436][258]Candidate modules for hot reload:
[2020.06.11-04.24.35:436][258]  VRPaint
[2020.06.11-04.24.35:436][258]Launching UnrealBuildTool... [D:/unreal/UE_4.25/Engine/Binaries/DotNET/UnrealBuildTool.exe  -ModuleWithSuffix=VRPaint,8016 VRPaintEditor Win64 Development -Project="D:/VRPaint1/VRPaint1/VRPaint/VRPaint.uproject" "D:/VRPaint1/VRPaint1/VRPaint/VRPaint.uproject"  -IgnoreJunk]
[2020.06.11-04.24.35:440][258]Warning: Starting HotReload took  0.0s.
[2020.06.11-04.24.35:576][260]LogTcpMessaging: Started Connection to '127.0.0.1:6666'
[2020.06.11-04.24.39:007][616]CompilerResultsLog: New page: Compilation - Jun 10, 2020, 4:24:39 PM
[2020.06.11-04.24.39:007][616]CompilerResultsLog: Using 'git status' to determine working set for adaptive non-unity build (D:\VRPaint1\VRPaint1).
[2020.06.11-04.24.39:007][616]CompilerResultsLog: Building VRPaintEditor...
[2020.06.11-04.24.39:007][616]CompilerResultsLog: Using Visual Studio 2017 14.16.27040 toolchain (D:\visualstudio\VC\Tools\MSVC\14.16.27023) and Windows 10.0.17763.0 SDK (C:\Program Files (x86)\Windows Kits\10).
[2020.06.11-04.24.39:007][616]CompilerResultsLog: Building 3 actions with 8 processes...
[2020.06.11-04.24.39:007][616]CompilerResultsLog:   [1/3] UE4Editor-VRPaint-8016.lib
[2020.06.11-04.24.39:007][616]CompilerResultsLog:      Creating library D:\VRPaint1\VRPaint1\VRPaint\Intermediate\Build\Win64\UE4Editor\Development\VRPaint\UE4Editor-VRPaint-8016.lib and object D:\VRPaint1\VRPaint1\VRPaint\Intermediate\Build\Win64\UE4Editor\Development\VRPaint\UE4Editor-VRPaint-8016.exp
[2020.06.11-04.24.39:007][616]CompilerResultsLog:   [2/3] UE4Editor-VRPaint-8016.dll
[2020.06.11-04.24.39:007][616]CompilerResultsLog:      Creating library D:\VRPaint1\VRPaint1\VRPaint\Intermediate\Build\Win64\UE4Editor\Development\VRPaint\UE4Editor-VRPaint-8016.suppressed.lib and object D:\VRPaint1\VRPaint1\VRPaint\Intermediate\Build\Win64\UE4Editor\Development\VRPaint\UE4Editor-VRPaint-8016.suppressed.exp
[2020.06.11-04.24.39:007][616]CompilerResultsLog:   [3/3] VRPaintEditor.target
[2020.06.11-04.24.39:008][616]CompilerResultsLog: Total time in Parallel executor: 2.11 seconds
[2020.06.11-04.24.39:008][616]CompilerResultsLog: Total execution time: 3.43 seconds
[2020.06.11-04.24.39:008][616]LogMainFrame: MainFrame: Module compiling took 3.575 seconds
[2020.06.11-04.24.39:039][616]LogContentBrowser: Native class hierarchy updated for 'VRPaint' in 0.0007 seconds. Added 4 classes and 2 folders.
[2020.06.11-04.24.39:041][616]Display: HotReload successful (0 functions remapped  0 scriptstructs remapped)
[2020.06.11-04.24.39:097][616]LogContentBrowser: Native class hierarchy populated in 0.0142 seconds. Added 3431 classes and 823 folders.
[2020.06.11-04.24.39:105][616]Display: HotReload took  3.7s.
[2020.06.11-04.24.43:320][ 92]LogSlate: Took 0.000285 seconds to synchronously load lazily loaded font '../../../Engine/Content/Slate/Fonts/Roboto-Light.ttf' (167K)
[2020.06.11-04.24.43:346][ 92]LogAssetEditorSubsystem: Opening Asset editor for Blueprint /Game/Blueprints/Stroke_BP.Stroke_BP
[2020.06.11-04.24.43:709][ 92]LogContentBrowser: Native class hierarchy updated for 'BlueprintGraph' in 0.0008 seconds. Added 125 classes and 0 folders.
[2020.06.11-04.24.48:129][317]LogSlate: Window 'Stroke_BP' being destroyed
[2020.06.11-04.24.48:136][317]LogWorld: UWorld::CleanupWorld for World_1, bSessionEnded=true, bCleanupResources=true
[2020.06.11-04.24.48:136][317]LogSlate: InvalidateAllWidgets triggered.  All widgets were invalidated
[2020.06.11-04.24.48:210][317]LogAssetEditorSubsystem: Opening Asset editor for Blueprint /Game/Blueprints/Stroke_BP.Stroke_BP
[2020.06.11-04.24.48:768][317]LogSlate: Took 0.000291 seconds to synchronously load lazily loaded font '../../../Engine/Content/Slate/Fonts/Roboto-BoldCondensed.ttf' (158K)
[2020.06.11-04.24.51:224][518]LogSlate: Window 'Stroke_BP' being destroyed
[2020.06.11-04.24.53:140][718]LogSlate: Took 0.000267 seconds to synchronously load lazily loaded font '../../../Engine/Content/Slate/Fonts/Roboto-Italic.ttf' (157K)
[2020.06.11-04.25.50:182][101]BlueprintLog: New page: Compile Stroke_BP
[2020.06.11-04.25.50:281][101]LogUObjectHash: Compacting FUObjectHashTables data took   4.95ms
[2020.06.11-04.25.50:312][101]LogSlate: Took 0.000277 seconds to synchronously load lazily loaded font '../../../Engine/Content/Slate/Fonts/DroidSansMono.ttf' (77K)
[2020.06.11-04.25.50:921][167]Cmd: OBJ SAVEPACKAGE PACKAGE="/Game/Blueprints/Stroke_BP" FILE="../../../../../VRPaint1/VRPaint1/VRPaint/Content/Blueprints/Stroke_BP.uasset" SILENT=true
[2020.06.11-04.25.50:949][167]LogSavePackage: Moving '../../../../../VRPaint1/VRPaint1/VRPaint/Saved/Stroke_BP689D0B8841D6679E5F0C4F90077135E6.tmp' to '../../../../../VRPaint1/VRPaint1/VRPaint/Content/Blueprints/Stroke_BP.uasset'
[2020.06.11-04.25.50:967][167]AssetCheck: New page: Asset Save: Stroke_BP
[2020.06.11-04.25.50:967][167]LogContentValidation: Display: Validating Blueprint /Game/Blueprints/Stroke_BP.Stroke_BP
[2020.06.11-04.26.59:509][911]Cmd: OBJ SAVEPACKAGE PACKAGE="/Game/Blueprints/Stroke_BP" FILE="../../../../../VRPaint1/VRPaint1/VRPaint/Content/Blueprints/Stroke_BP.uasset" SILENT=true
[2020.06.11-04.26.59:528][911]LogSavePackage: Moving '../../../../../VRPaint1/VRPaint1/VRPaint/Saved/Stroke_BPD98F2BA0473B34E3C4FC83953D550744.tmp' to '../../../../../VRPaint1/VRPaint1/VRPaint/Content/Blueprints/Stroke_BP.uasset'
[2020.06.11-04.26.59:542][911]AssetCheck: New page: Asset Save: Stroke_BP
[2020.06.11-04.26.59:542][911]LogContentValidation: Display: Validating Blueprint /Game/Blueprints/Stroke_BP.Stroke_BP
[2020.06.11-04.27.02:713][251]LogUObjectHash: Compacting FUObjectHashTables data took   3.73ms
[2020.06.11-04.27.51:820][983]LogPlayLevel: PlayLevel: No blueprints needed recompiling
[2020.06.11-04.27.51:820][983]LogHMD: Initializing OVRPlugin session
[2020.06.11-04.27.52:128][983]LogHMD: Allocating Oculus 4128 x 2272 rendertarget swapchain
[2020.06.11-04.27.52:130][983]PIE: New page: PIE session: Untitled (Jun 10, 2020, 4:27:52 PM)
[2020.06.11-04.27.52:133][983]LogOnline: OSS: Creating online subsystem instance for: NULL
[2020.06.11-04.27.52:136][983]LogOnline: OSS: TryLoadSubsystemAndSetDefault: Loaded subsystem for module [NULL]
[2020.06.11-04.27.52:138][983]LogPlayLevel: Creating play world package: /Game/Maps/UEDPIE_0_Untitled
[2020.06.11-04.27.52:145][983]LogPlayLevel: PIE: StaticDuplicateObject took: (0.006404s)
[2020.06.11-04.27.52:148][983]LogAIModule: Creating AISystem for world Untitled
[2020.06.11-04.27.52:148][983]LogAISub: UAISubsystem::UAISubsystem EnvQueryManager (0000024313F67E00), frame # 10983
[2020.06.11-04.27.52:148][983]LogAISub: UAISubsystem::UAISubsystem AIPerceptionSystem (00000242BC759D00), frame # 10983
[2020.06.11-04.27.52:148][983]LogPlayLevel: PIE: World Init took: (0.003608s)
[2020.06.11-04.27.52:149][983]LogPlayLevel: PIE: Created PIE world by copying editor world from /Game/Maps/Untitled.Untitled to /Game/Maps/UEDPIE_0_Untitled.Untitled (0.010410s)
[2020.06.11-04.27.52:200][983]LogUObjectHash: Compacting FUObjectHashTables data took   6.85ms
[2020.06.11-04.27.52:207][983]LogAudioMixer: Display: Audio Mixer Platform Settings:
[2020.06.11-04.27.52:207][983]LogAudioMixer: Display: 	Sample Rate:						  48000
[2020.06.11-04.27.52:207][983]LogAudioMixer: Display: 	Callback Buffer Frame Size Requested: 1024
[2020.06.11-04.27.52:207][983]LogAudioMixer: Display: 	Callback Buffer Frame Size To Use:	  1024
[2020.06.11-04.27.52:207][983]LogAudioMixer: Display: 	Number of buffers to queue:			  2
[2020.06.11-04.27.52:207][983]LogAudioMixer: Display: 	Max Channels (voices):				  32
[2020.06.11-04.27.52:207][983]LogAudioMixer: Display: 	Number of Async Source Workers:		  0
[2020.06.11-04.27.52:207][983]LogAudio: Display: AudioDevice MaxSources: 32
[2020.06.11-04.27.52:208][983]LogAudio: Display: Using built-in audio occlusion.
[2020.06.11-04.27.52:208][983]LogAudioMixer: Display: Initializing audio mixer.
[2020.06.11-04.27.52:216][983]LogAudioMixer: Display: 0: FrontLeft
[2020.06.11-04.27.52:216][983]LogAudioMixer: Display: 1: FrontRight
[2020.06.11-04.27.52:221][983]LogAudioMixer: Display: 0: FrontLeft
[2020.06.11-04.27.52:221][983]LogAudioMixer: Display: 1: FrontRight
[2020.06.11-04.27.52:226][983]LogAudioMixer: Display: 0: FrontLeft
[2020.06.11-04.27.52:226][983]LogAudioMixer: Display: 1: FrontRight
[2020.06.11-04.27.52:267][983]LogAudioMixer: Display: Using Audio Device ONN TV (2- NVIDIA High Definition Audio)
[2020.06.11-04.27.52:268][983]LogAudioMixer: Display: Initializing Sound Submixes...
[2020.06.11-04.27.52:268][983]LogAudioMixer: Display: Creating Master Submix 'MasterSubmixDefault'
[2020.06.11-04.27.52:268][983]LogAudioMixer: Display: Creating Master Submix 'MasterReverbSubmixDefault'
[2020.06.11-04.27.52:269][983]LogAudioMixer: Display: Creating Master Submix 'MasterEQSubmixDefault'
[2020.06.11-04.27.52:299][983]LogInit: FAudioDevice initialized.
[2020.06.11-04.27.52:315][983]LogSlate: Updating window title bar state: overlay mode, drag disabled, window buttons hidden, title bar hidden
[2020.06.11-04.27.52:402][983]LogLoad: Game class is 'VRPaint_GMBP_C'
[2020.06.11-04.27.52:415][983]LogWorld: Bringing World /Game/Maps/UEDPIE_0_Untitled.Untitled up for play (max tick rate 0) at 2020.06.10-22.27.52
[2020.06.11-04.27.52:416][983]LogWorld: Bringing up level for play took: 0.002743
[2020.06.11-04.27.52:417][983]LogOnline: OSS: Creating online subsystem instance for: :Context_6
[2020.06.11-04.27.52:435][983]LogContentBrowser: Native class hierarchy updated for 'MovieSceneCapture' in 0.0013 seconds. Added 20 classes and 0 folders.
[2020.06.11-04.27.52:447][983]PIE: Server logged in
[2020.06.11-04.27.52:451][983]PIE: Play in editor total start time 0.645 seconds.
[2020.06.11-04.27.52:455][983]LogEngine: Changing dynamic resolution state.
[2020.06.11-04.27.52:472][983]LogRenderer: Warning: Resizing VR buffer to 4128 by 2272
[2020.06.11-04.27.52:472][983]LogRenderer: Reallocating scene render targets to support 4128x2272 Format 10 NumSamples 1 (Frame:1).
[2020.06.11-04.27.52:472][983]LogHMD: Allocating Oculus 4128 x 2272 depth rendertarget swapchain
[2020.06.11-04.31.36:958][701]LogSlate: Window 'VRPaint Preview [NetMode: Standalone] (64-bit/Windows) OculusHMD' being destroyed
[2020.06.11-04.31.36:968][701]LogWorld: BeginTearingDown for /Game/Maps/UEDPIE_0_Untitled
[2020.06.11-04.31.36:969][701]LogWorld: UWorld::CleanupWorld for Untitled, bSessionEnded=true, bCleanupResources=true
[2020.06.11-04.31.36:997][701]LogSlate: InvalidateAllWidgets triggered.  All widgets were invalidated
[2020.06.11-04.31.37:008][701]LogPlayLevel: Display: Shutting down PIE online subsystems
[2020.06.11-04.31.37:013][701]LogSlate: InvalidateAllWidgets triggered.  All widgets were invalidated
[2020.06.11-04.31.37:089][701]LogAISub: UAISubsystem::~UAISubsystem AIPerceptionSystem (00000242BC759D00), frame # 21701
[2020.06.11-04.31.37:089][701]LogAISub: UAISubsystem::~UAISubsystem EnvQueryManager (0000024313F67E00), frame # 21701
[2020.06.11-04.31.37:103][701]LogUObjectHash: Compacting FUObjectHashTables data took  12.44ms
[2020.06.11-04.31.37:191][702]LogPlayLevel: Display: Destroying online subsystem :Context_6
[2020.06.11-04.32.37:345][719]LogUObjectHash: Compacting FUObjectHashTables data took   3.10ms
